#
# A fatal error has been detected by the Java Runtime Environment:
#
#  SIGSEGV (0xb) at pc=0x000000010d499d3a, pid=21470, tid=26119
#
# JRE version: Java(TM) SE Runtime Environment (8.0_05-b13) (build 1.8.0_05-b13)
# Java VM: Java HotSpot(TM) 64-Bit Server VM (25.5-b02 mixed mode bsd-amd64 compressed oops)
# Problematic frame:
# C  [libjprofilerti.jnilib+0x94d3a]  _ZN22LiveCpuProfilingHelper13jpThreadStartEP9_jvmtiEnvP7JNIEnv_P8_jobject+0xea
#
# Failed to write core dump. Core dumps have been disabled. To enable core dumping, try "ulimit -c unlimited" before starting Java again
#
# If you would like to submit a bug report, please visit:
#   http://bugreport.sun.com/bugreport/crash.jsp
# The crash happened outside the Java Virtual Machine in native code.
# See problematic frame for where to report the bug.
#

---------------  T H R E A D  ---------------

Current thread (0x00007f8fc53e7800):  JavaThread "SIGTERM handler" daemon [_thread_in_native, id=26119, stack(0x000000012c818000,0x000000012c918000)]

siginfo:si_signo=SIGSEGV: si_errno=0, si_code=1 (SEGV_MAPERR), si_addr=0x0000000000000000

Registers:
RAX=0x0000000000000001, RBX=0x00007f8fc58623e0, RCX=0x000000010cbaf780, RDX=0x00007f8fc2e3d320
RSP=0x000000012c917cc0, RBP=0x000000012c917cf0, RSI=0x0000000000000007, RDI=0x000000012c917c90
R8 =0x000000012c917b70, R9 =0x0000000000000060, R10=0x0000000000000000, R11=0x0000000000000202
R12=0x00007f8fc58623d0, R13=0x00007f8fc53e79e0, R14=0x0000000000000000, R15=0x000000012c917d98
RIP=0x000000010d499d3a, EFLAGS=0x0000000000010202, ERR=0x0000000000000004
  TRAPNO=0x000000000000000e

Top of Stack: (sp=0x000000012c917cc0)
0x000000012c917cc0:   00007f8fc2e04a10 0000000000000000
0x000000012c917cd0:   00007f8fc53e7800 000000012c917d00
0x000000012c917ce0:   00007f8f5c3cf600 00007f8fc2d0e500
0x000000012c917cf0:   000000012c917e10 000000010c761745
0x000000012c917d00:   000000012c917dc0 0000000000000000
0x000000012c917d10:   00000000016fb601 0000000000006607
0x000000012c917d20:   000000010b301000 0000000000000130
0x000000012c917d30:   00007f8f9c61c460 00007f8f2f2a77c0
0x000000012c917d40:   00007f8f2f2a77d0 00007f8f2f2a7ba8
0x000000012c917d50:   00000000000003d8 00007f8fc53e7800
0x000000012c917d60:   00007f8fc53e7800 00007f8f2f2fbe00
0x000000012c917d70:   00007f8f2f2fac60 00007f8f2f2fac70
0x000000012c917d80:   00007f8f2f2fad48 00000000000000d8
0x000000012c917d90:   00007f8f2f2fb8c0 00007f8fc53e7800
0x000000012c917da0:   00007f8fc53e79e0 0000000000000000
0x000000012c917db0:   00007f8f5c3cf600 0000000000006601
0x000000012c917dc0:   00007f8f2f2a77d0 000000000000000f
0x000000012c917dd0:   000000012c917df0 000000010c597e75
0x000000012c917de0:   0000000000000000 00007f8fc53e7800
0x000000012c917df0:   00000000016fb601 0000000000006607
0x000000012c917e00:   00007f8f2f2a77d0 000000000000000f
0x000000012c917e10:   000000012c917e90 000000010c91e3eb
0x000000012c917e20:   00007f8f9c61c460 00007f8f2f2a77c0
0x000000012c917e30:   00007f8f2f2a77d0 00007f8f2f2a7ba8
0x000000012c917e40:   00000000000003d8 000000010c8211b9
0x000000012c917e50:   0000000800000000 00007f8f2f2fa500
0x000000012c917e60:   00007f8f2f2fb3a0 00007f8fc53e7800
0x000000012c917e70:   00000000016fb6b1 00000000000008ff
0x000000012c917e80:   00007f8f2f2fb3a0 00007f8f2f2fa500
0x000000012c917e90:   000000012c917ef0 000000010c845426
0x000000012c917ea0:   0000000000000000 00007f8f2f2fa500
0x000000012c917eb0:   0000000600000000 00000000016fb6b1 

Instructions: (pc=0x000000010d499d3a)
0x000000010d499d1a:   66 0f 1f 44 00 00 4c 89 ee 48 89 df e8 65 fd ff
0x000000010d499d2a:   ff 49 89 c6 eb 83 49 8d 5c 24 10 49 8b 54 24 10
0x000000010d499d3a:   49 8b 3e 48 8b 73 08 e8 aa 74 fb ff 49 8b 45 00
0x000000010d499d4a:   48 8b 73 10 4c 89 ef ff 90 18 07 00 00 4c 89 e7 

Register to memory mapping:

RAX=0x0000000000000001 is an unknown value
RBX=0x00007f8fc58623e0 is an unknown value
RCX=0x000000010cbaf780: UseMembar+0 in /Library/Java/JavaVirtualMachines/jdk1.8.0_05.jdk/Contents/Home/jre/lib/server/libjvm.dylib at 0x000000010c400000
RDX=0x00007f8fc2e3d320 is an unknown value
RSP=0x000000012c917cc0 is pointing into the stack for thread: 0x00007f8fc53e7800
RBP=0x000000012c917cf0 is pointing into the stack for thread: 0x00007f8fc53e7800
RSI=0x0000000000000007 is an unknown value
RDI=0x000000012c917c90 is pointing into the stack for thread: 0x00007f8fc53e7800
R8 =0x000000012c917b70 is pointing into the stack for thread: 0x00007f8fc53e7800
R9 =0x0000000000000060 is an unknown value
R10=0x0000000000000000 is an unknown value
R11=0x0000000000000202 is an unknown value
R12=0x00007f8fc58623d0 is an unknown value
R13=0x00007f8fc53e79e0 is an unknown value
R14=0x0000000000000000 is an unknown value
R15=0x000000012c917d98 is pointing into the stack for thread: 0x00007f8fc53e7800


Stack: [0x000000012c818000,0x000000012c918000],  sp=0x000000012c917cc0,  free space=1023k
Native frames: (J=compiled Java code, j=interpreted, Vv=VM code, C=native code)
C  [libjprofilerti.jnilib+0x94d3a]  _ZN22LiveCpuProfilingHelper13jpThreadStartEP9_jvmtiEnvP7JNIEnv_P8_jobject+0xea
V  [libjvm.dylib+0x361745]
V  [libjvm.dylib+0x51e3eb]
V  [libjvm.dylib+0x445426]
C  [libsystem_pthread.dylib+0x3268]  _pthread_body+0x83
C  [libsystem_pthread.dylib+0x31e5]  _pthread_body+0x0
C  [libsystem_pthread.dylib+0x141d]  thread_start+0xd


---------------  P R O C E S S  ---------------

Java Threads: ( => current thread )
=>0x00007f8fc53e7800 JavaThread "SIGTERM handler" daemon [_thread_in_native, id=26119, stack(0x000000012c818000,0x000000012c918000)]
  0x00007f8fc6015000 JavaThread "SIGTERM handler" daemon [_thread_blocked, id=22023, stack(0x000000012ba04000,0x000000012bb04000)]
  0x00007f8fc606d800 JavaThread "SIGTERM handler" daemon [_thread_blocked, id=27651, stack(0x000000013de7c000,0x000000013df7c000)]
  0x00007f8fc484b000 JavaThread "SIGTERM handler" daemon [_thread_blocked, id=27139, stack(0x000000012d3d8000,0x000000012d4d8000)]
  0x00007f8fc606c800 JavaThread "SIGTERM handler" daemon [_thread_blocked, id=26627, stack(0x000000012c91b000,0x000000012ca1b000)]
  0x00007f8f247f7800 JavaThread "SIGTERM handler" daemon [_thread_blocked, id=25603, stack(0x000000012c715000,0x000000012c815000)]
  0x00007f8fc4849800 JavaThread "SIGTERM handler" daemon [_thread_blocked, id=25091, stack(0x000000012c612000,0x000000012c712000)]
  0x00007f8fc5384800 JavaThread "SIGTERM handler" daemon [_thread_blocked, id=24579, stack(0x000000012c2f2000,0x000000012c3f2000)]
  0x00007f8fc3a08800 JavaThread "SIGTERM handler" daemon [_thread_blocked, id=24067, stack(0x000000012be69000,0x000000012bf69000)]
  0x00007f8fc6064000 JavaThread "SIGTERM handler" daemon [_thread_blocked, id=23555, stack(0x000000012bd66000,0x000000012be66000)]
  0x00007f8f44ff7800 JavaThread "SIGTERM handler" daemon [_thread_blocked, id=23043, stack(0x000000012bc0a000,0x000000012bd0a000)]
  0x00007f8fc70da800 JavaThread "ReaderThread" [_thread_in_native, id=14351, stack(0x000000012b1ec000,0x000000012b2ec000)]
  0x00007f8fc507b800 JavaThread "_jprofiler_control_sampler" daemon [_thread_blocked, id=22531, stack(0x000000012bb07000,0x000000012bc07000)]
  0x00007f8fc5001000 JavaThread "Service Thread" daemon [_thread_blocked, id=21507, stack(0x000000012b901000,0x000000012ba01000)]
  0x00007f8fc30f1000 JavaThread "C1 CompilerThread3" daemon [_thread_blocked, id=20995, stack(0x000000012b7fe000,0x000000012b8fe000)]
  0x00007f8fc3006800 JavaThread "C2 CompilerThread2" daemon [_thread_blocked, id=20483, stack(0x000000012b6fb000,0x000000012b7fb000)]
  0x00007f8fc708c000 JavaThread "C2 CompilerThread1" daemon [_thread_blocked, id=19971, stack(0x000000012b5f8000,0x000000012b6f8000)]
  0x00007f8fc6001800 JavaThread "C2 CompilerThread0" daemon [_thread_blocked, id=19459, stack(0x000000012b4f5000,0x000000012b5f5000)]
  0x00007f8fc30c3800 JavaThread "_jprofiler_sampler" daemon [_thread_blocked, id=16135, stack(0x000000012b3f2000,0x000000012b4f2000)]
  0x00007f8fc4031800 JavaThread "_jprofiler_native_sampler" daemon [_thread_in_vm, id=15623, stack(0x000000012b2ef000,0x000000012b3ef000)]
  0x00007f8fc68a0800 JavaThread "_jprofiler_native_comm" daemon [_thread_in_native, id=18691, stack(0x000000012b0e9000,0x000000012b1e9000)]
  0x00007f8fc4023800 JavaThread "Signal Dispatcher" daemon [_thread_in_vm, id=14611, stack(0x000000012afe6000,0x000000012b0e6000)]
  0x00007f8fc300a000 JavaThread "Finalizer" daemon [_thread_blocked, id=13571, stack(0x000000012969c000,0x000000012979c000)]
  0x00007f8fc305e800 JavaThread "Reference Handler" daemon [_thread_blocked, id=13059, stack(0x0000000129599000,0x0000000129699000)]
  0x00007f8fc3005800 JavaThread "main" [_thread_in_Java, id=4867, stack(0x000000010d2c1000,0x000000010d3c1000)]

Other Threads:
  0x00007f8fc4008800 VMThread [stack: 0x0000000129496000,0x0000000129596000] [id=12547]

VM state:not at safepoint (normal execution)

VM Mutex/Monitor currently owned by a thread:  ([mutex/lock_event])
[0x00007f8fc2e05010] Threads_lock - owner thread: 0x00007f8fc4023800
[0x00007f8fc2e05890] JvmtiThreadState_lock - owner thread: 0x00007f8fc4031800

Heap:
 PSYoungGen      total 1057280K, used 105524K [0x000000076ab00000, 0x00000007c0000000, 0x00000007c0000000)
  eden space 729600K, 14% used [0x000000076ab00000,0x000000077120d038,0x0000000797380000)
  from space 327680K, 0% used [0x0000000797380000,0x0000000797380000,0x00000007ab380000)
  to   space 340480K, 0% used [0x00000007ab380000,0x00000007ab380000,0x00000007c0000000)
 ParOldGen       total 1846784K, used 1700211K [0x00000006c0000000, 0x0000000730b80000, 0x000000076ab00000)
  object space 1846784K, 92% used [0x00000006c0000000,0x0000000727c5cda0,0x0000000730b80000)
 Metaspace       used 8179K, capacity 8278K, committed 8448K, reserved 1056768K
  class space    used 972K, capacity 1011K, committed 1024K, reserved 1048576K

Card table byte_map: [0x000000011cf7b000,0x000000011d77c000] byte_map_base: 0x000000011997b000

Marking Bits: (ParMarkBitMap*) 0x000000010cc660a0
 Begin Bits: [0x000000011e4ea000, 0x00000001224ea000)
 End Bits:   [0x00000001224ea000, 0x00000001264ea000)

Polling page: 0x000000010b3fc000

CodeCache: size=245760Kb used=4663Kb max_used=4674Kb free=241096Kb
 bounds [0x000000010dbbb000, 0x000000010e05b000, 0x000000011cbbb000]
 total_blobs=1107 nmethods=777 adapters=245
 compilation: enabled

Compilation events (10 events):
Event: 2143.285 Thread 0x00007f8fc30f1000  773       3       java.util.concurrent.locks.ReentrantLock$Sync::tryRelease (45 bytes)
Event: 2143.285 Thread 0x00007f8fc30f1000 nmethod 773 0x000000010e044fd0 code [0x000000010e045160, 0x000000010e0456e8]
Event: 2265.753 Thread 0x00007f8fc30f1000  774  s    3       java.util.Vector::elementAt (48 bytes)
Event: 2265.754 Thread 0x00007f8fc30f1000 nmethod 774 0x000000010e0498d0 code [0x000000010e049b00, 0x000000010e04a828]
Event: 2281.577 Thread 0x00007f8fc708c000  775       4       com.jprofiler.agent.util.a.a.b.y::containsKey (23 bytes)
Event: 2281.577 Thread 0x00007f8fc6001800  776       4       com.jprofiler.agent.util.a.a.a.d::b (5 bytes)
Event: 2281.581 Thread 0x00007f8fc6001800 nmethod 776 0x000000010e03f190 code [0x000000010e03f2e0, 0x000000010e03f388]
Event: 2281.587 Thread 0x00007f8fc708c000 nmethod 775 0x000000010e04b710 code [0x000000010e04b8e0, 0x000000010e04bd70]
Event: 2334.587 Thread 0x00007f8fc30f1000  777       1       java.util.logging.Logger::getName (5 bytes)
Event: 2334.594 Thread 0x00007f8fc30f1000 nmethod 777 0x000000010e04b450 code [0x000000010e04b5a0, 0x000000010e04b6b0]

GC Heap History (10 events):
Event: 2196.426 GC heap before
{Heap before GC invocations=71 (full 16):
 PSYoungGen      total 1066496K, used 806926K [0x000000076ab00000, 0x00000007c0000000, 0x00000007c0000000)
  eden space 728576K, 100% used [0x000000076ab00000,0x0000000797280000,0x0000000797280000)
  from space 337920K, 23% used [0x00000007ab600000,0x00000007b0283a48,0x00000007c0000000)
  to   space 331264K, 0% used [0x0000000797280000,0x0000000797280000,0x00000007ab600000)
 ParOldGen       total 1698816K, used 1566157K [0x00000006c0000000, 0x0000000727b00000, 0x000000076ab00000)
  object space 1698816K, 92% used [0x00000006c0000000,0x000000071f973738,0x0000000727b00000)
 Metaspace       used 8157K, capacity 8278K, committed 8448K, reserved 1056768K
  class space    used 968K, capacity 1011K, committed 1024K, reserved 1048576K
Event: 2215.992 GC heap after
Heap after GC invocations=71 (full 16):
 PSYoungGen      total 922624K, used 193561K [0x000000076ab00000, 0x00000007bf480000, 0x00000007c0000000)
  eden space 728576K, 0% used [0x000000076ab00000,0x000000076ab00000,0x0000000797280000)
  from space 194048K, 99% used [0x0000000797280000,0x00000007a2f864c8,0x00000007a3000000)
  to   space 328704K, 0% used [0x00000007ab380000,0x00000007ab380000,0x00000007bf480000)
 ParOldGen       total 1698816K, used 1644853K [0x00000006c0000000, 0x0000000727b00000, 0x000000076ab00000)
  object space 1698816K, 96% used [0x00000006c0000000,0x000000072464d738,0x0000000727b00000)
 Metaspace       used 8157K, capacity 8278K, committed 8448K, reserved 1056768K
  class space    used 968K, capacity 1011K, committed 1024K, reserved 1048576K
}
Event: 2215.992 GC heap before
{Heap before GC invocations=72 (full 17):
 PSYoungGen      total 922624K, used 193561K [0x000000076ab00000, 0x00000007bf480000, 0x00000007c0000000)
  eden space 728576K, 0% used [0x000000076ab00000,0x000000076ab00000,0x0000000797280000)
  from space 194048K, 99% used [0x0000000797280000,0x00000007a2f864c8,0x00000007a3000000)
  to   space 328704K, 0% used [0x00000007ab380000,0x00000007ab380000,0x00000007bf480000)
 ParOldGen       total 1698816K, used 1644853K [0x00000006c0000000, 0x0000000727b00000, 0x000000076ab00000)
  object space 1698816K, 96% used [0x00000006c0000000,0x000000072464d738,0x0000000727b00000)
 Metaspace       used 8157K, capacity 8278K, committed 8448K, reserved 1056768K
  class space    used 968K, capacity 1011K, committed 1024K, reserved 1048576K
Event: 2262.006 GC heap after
Heap after GC invocations=72 (full 17):
 PSYoungGen      total 922624K, used 0K [0x000000076ab00000, 0x00000007bf480000, 0x00000007c0000000)
  eden space 728576K, 0% used [0x000000076ab00000,0x000000076ab00000,0x0000000797280000)
  from space 194048K, 0% used [0x0000000797280000,0x0000000797280000,0x00000007a3000000)
  to   space 328704K, 0% used [0x00000007ab380000,0x00000007ab380000,0x00000007bf480000)
 ParOldGen       total 1755648K, used 1612801K [0x00000006c0000000, 0x000000072b280000, 0x000000076ab00000)
  object space 1755648K, 91% used [0x00000006c0000000,0x00000007227007b8,0x000000072b280000)
 Metaspace       used 8157K, capacity 8278K, committed 8448K, reserved 1056768K
  class space    used 968K, capacity 1011K, committed 1024K, reserved 1048576K
}
Event: 2267.909 GC heap before
{Heap before GC invocations=73 (full 17):
 PSYoungGen      total 922624K, used 728576K [0x000000076ab00000, 0x00000007bf480000, 0x00000007c0000000)
  eden space 728576K, 100% used [0x000000076ab00000,0x0000000797280000,0x0000000797280000)
  from space 194048K, 0% used [0x0000000797280000,0x0000000797280000,0x00000007a3000000)
  to   space 328704K, 0% used [0x00000007ab380000,0x00000007ab380000,0x00000007bf480000)
 ParOldGen       total 1755648K, used 1612801K [0x00000006c0000000, 0x000000072b280000, 0x000000076ab00000)
  object space 1755648K, 91% used [0x00000006c0000000,0x00000007227007b8,0x000000072b280000)
 Metaspace       used 8164K, capacity 8278K, committed 8448K, reserved 1056768K
  class space    used 969K, capacity 1011K, committed 1024K, reserved 1048576K
Event: 2276.560 GC heap after
Heap after GC invocations=73 (full 17):
 PSYoungGen      total 1058304K, used 199535K [0x000000076ab00000, 0x00000007c0000000, 0x00000007c0000000)
  eden space 729600K, 0% used [0x000000076ab00000,0x000000076ab00000,0x0000000797380000)
  from space 328704K, 60% used [0x00000007ab380000,0x00000007b765bd50,0x00000007bf480000)
  to   space 327680K, 0% used [0x0000000797380000,0x0000000797380000,0x00000007ab380000)
 ParOldGen       total 1755648K, used 1612809K [0x00000006c0000000, 0x000000072b280000, 0x000000076ab00000)
  object space 1755648K, 91% used [0x00000006c0000000,0x00000007227027b8,0x000000072b280000)
 Metaspace       used 8164K, capacity 8278K, committed 8448K, reserved 1056768K
  class space    used 969K, capacity 1011K, committed 1024K, reserved 1048576K
}
Event: 2281.604 GC heap before
{Heap before GC invocations=74 (full 17):
 PSYoungGen      total 1058304K, used 929135K [0x000000076ab00000, 0x00000007c0000000, 0x00000007c0000000)
  eden space 729600K, 100% used [0x000000076ab00000,0x0000000797380000,0x0000000797380000)
  from space 328704K, 60% used [0x00000007ab380000,0x00000007b765bd50,0x00000007bf480000)
  to   space 327680K, 0% used [0x0000000797380000,0x0000000797380000,0x00000007ab380000)
 ParOldGen       total 1755648K, used 1612809K [0x00000006c0000000, 0x000000072b280000, 0x000000076ab00000)
  object space 1755648K, 91% used [0x00000006c0000000,0x00000007227027b8,0x000000072b280000)
 Metaspace       used 8164K, capacity 8278K, committed 8448K, reserved 1056768K
  class space    used 969K, capacity 1011K, committed 1024K, reserved 1048576K
Event: 2290.237 GC heap after
Heap after GC invocations=74 (full 17):
 PSYoungGen      total 1057280K, used 327650K [0x000000076ab00000, 0x00000007c0000000, 0x00000007c0000000)
  eden space 729600K, 0% used [0x000000076ab00000,0x000000076ab00000,0x0000000797380000)
  from space 327680K, 99% used [0x0000000797380000,0x00000007ab378a00,0x00000007ab380000)
  to   space 340480K, 0% used [0x00000007ab380000,0x00000007ab380000,0x00000007c0000000)
 ParOldGen       total 1755648K, used 1674369K [0x00000006c0000000, 0x000000072b280000, 0x000000076ab00000)
  object space 1755648K, 95% used [0x00000006c0000000,0x00000007263207b8,0x000000072b280000)
 Metaspace       used 8164K, capacity 8278K, committed 8448K, reserved 1056768K
  class space    used 969K, capacity 1011K, committed 1024K, reserved 1048576K
}
Event: 2290.237 GC heap before
{Heap before GC invocations=75 (full 18):
 PSYoungGen      total 1057280K, used 327650K [0x000000076ab00000, 0x00000007c0000000, 0x00000007c0000000)
  eden space 729600K, 0% used [0x000000076ab00000,0x000000076ab00000,0x0000000797380000)
  from space 327680K, 99% used [0x0000000797380000,0x00000007ab378a00,0x00000007ab380000)
  to   space 340480K, 0% used [0x00000007ab380000,0x00000007ab380000,0x00000007c0000000)
 ParOldGen       total 1755648K, used 1674369K [0x00000006c0000000, 0x000000072b280000, 0x000000076ab00000)
  object space 1755648K, 95% used [0x00000006c0000000,0x00000007263207b8,0x000000072b280000)
 Metaspace       used 8164K, capacity 8278K, committed 8448K, reserved 1056768K
  class space    used 969K, capacity 1011K, committed 1024K, reserved 1048576K
Event: 2334.304 GC heap after
Heap after GC invocations=75 (full 18):
 PSYoungGen      total 1057280K, used 0K [0x000000076ab00000, 0x00000007c0000000, 0x00000007c0000000)
  eden space 729600K, 0% used [0x000000076ab00000,0x000000076ab00000,0x0000000797380000)
  from space 327680K, 0% used [0x0000000797380000,0x0000000797380000,0x00000007ab380000)
  to   space 340480K, 0% used [0x00000007ab380000,0x00000007ab380000,0x00000007c0000000)
 ParOldGen       total 1846784K, used 1700211K [0x00000006c0000000, 0x0000000730b80000, 0x000000076ab00000)
  object space 1846784K, 92% used [0x00000006c0000000,0x0000000727c5cda0,0x0000000730b80000)
 Metaspace       used 8164K, capacity 8278K, committed 8448K, reserved 1056768K
  class space    used 969K, capacity 1011K, committed 1024K, reserved 1048576K
}

Deoptimization events (2 events):
Event: 20.164 Thread 0x00007f8fc30c3800 Uncommon trap: reason=unreached action=reinterpret pc=0x000000010de5898c method=java.util.Arrays.copyOf([Ljava/lang/Object;ILjava/lang/Class;)[Ljava/lang/Object; @ 4
Event: 20.187 Thread 0x00007f8fc30c3800 Uncommon trap: reason=null_check action=make_not_entrant pc=0x000000010ddba6e4 method=com.jprofiler.agent.JProfilerThreadManager.getJProfilerThreadManager()Lcom/jprofiler/agent/JProfilerThreadManager; @ 6

Internal exceptions (10 events):
Event: 20.187 Thread 0x00007f8fc30c3800 Implicit null exception at 0x000000010ddba5d4 to 0x000000010ddba6d5
Event: 20.190 Thread 0x00007f8fc30c3800 Exception <a 'java/lang/ArrayIndexOutOfBoundsException'> (0x000000076ad254e0) thrown at [/HUDSON/workspace/8-2-build-macosx-x86_64/jdk8u5/2488/hotspot/src/share/vm/runtime/sharedRuntime.cpp, line 595]
Event: 20.191 Thread 0x00007f8fc30c3800 Exception <a 'java/lang/ArrayIndexOutOfBoundsException'> (0x000000076ad261b8) thrown at [/HUDSON/workspace/8-2-build-macosx-x86_64/jdk8u5/2488/hotspot/src/share/vm/runtime/sharedRuntime.cpp, line 595]
Event: 20.191 Thread 0x00007f8fc30c3800 Exception <a 'java/lang/ArrayIndexOutOfBoundsException'> (0x000000076ad270c8) thrown at [/HUDSON/workspace/8-2-build-macosx-x86_64/jdk8u5/2488/hotspot/src/share/vm/runtime/sharedRuntime.cpp, line 595]
Event: 20.193 Thread 0x00007f8fc30c3800 Exception <a 'java/lang/ArrayIndexOutOfBoundsException'> (0x000000076ad28828) thrown at [/HUDSON/workspace/8-2-build-macosx-x86_64/jdk8u5/2488/hotspot/src/share/vm/runtime/sharedRuntime.cpp, line 595]
Event: 20.201 Thread 0x00007f8fc30c3800 Exception <a 'java/lang/ArrayIndexOutOfBoundsException'> (0x000000076ad4eed0) thrown at [/HUDSON/workspace/8-2-build-macosx-x86_64/jdk8u5/2488/hotspot/src/share/vm/runtime/sharedRuntime.cpp, line 595]
Event: 20.201 Thread 0x00007f8fc30c3800 Exception <a 'java/lang/ArrayIndexOutOfBoundsException'> (0x000000076ad500a0) thrown at [/HUDSON/workspace/8-2-build-macosx-x86_64/jdk8u5/2488/hotspot/src/share/vm/runtime/sharedRuntime.cpp, line 595]
Event: 20.202 Thread 0x00007f8fc30c3800 Exception <a 'java/lang/ArrayIndexOutOfBoundsException'> (0x000000076ad515b8) thrown at [/HUDSON/workspace/8-2-build-macosx-x86_64/jdk8u5/2488/hotspot/src/share/vm/runtime/sharedRuntime.cpp, line 595]
Event: 20.212 Thread 0x00007f8fc30c3800 Exception <a 'java/lang/ArrayIndexOutOfBoundsException'> (0x000000076ad77440) thrown at [/HUDSON/workspace/8-2-build-macosx-x86_64/jdk8u5/2488/hotspot/src/share/vm/runtime/sharedRuntime.cpp, line 595]
Event: 20.222 Thread 0x00007f8fc30c3800 Exception <a 'java/lang/ArrayIndexOutOfBoundsException'> (0x000000076ad87520) thrown at [/HUDSON/workspace/8-2-build-macosx-x86_64/jdk8u5/2488/hotspot/src/share/vm/runtime/sharedRuntime.cpp, line 595]

Events (10 events):
Event: 2334.587 Executing VM operation: RevokeBias done
Event: 2334.587 Executing VM operation: RevokeBias
Event: 2334.587 Executing VM operation: RevokeBias done
Event: 2334.595 Thread 0x00007f8fc606d800 Thread added: 0x00007f8fc606d800
Event: 2334.595 Thread 0x00007f8fc484a000 Thread exited: 0x00007f8fc484a000
Event: 2334.597 Executing VM operation: RevokeBias
Event: 2334.597 Thread 0x00007f8fc6015000 Thread added: 0x00007f8fc6015000
Event: 2334.598 Executing VM operation: RevokeBias done
Event: 2334.599 Thread 0x00007f8fc53e7800 Thread added: 0x00007f8fc53e7800
Event: 2334.600 Executing VM operation: Exit


Dynamic libraries:
0x0000000003637000 	/System/Library/Frameworks/Cocoa.framework/Versions/A/Cocoa
0x0000000003637000 	/System/Library/Frameworks/Security.framework/Versions/A/Security
0x0000000003637000 	/System/Library/Frameworks/ApplicationServices.framework/Versions/A/ApplicationServices
0x0000000003637000 	/usr/lib/libz.1.dylib
0x0000000003637000 	/usr/lib/libSystem.B.dylib
0x0000000003637000 	/usr/lib/libobjc.A.dylib
0x0000000003637000 	/System/Library/Frameworks/CoreFoundation.framework/Versions/A/CoreFoundation
0x0000000003637000 	/System/Library/Frameworks/Foundation.framework/Versions/C/Foundation
0x0000000003637000 	/System/Library/Frameworks/AppKit.framework/Versions/C/AppKit
0x0000000003637000 	/System/Library/Frameworks/CoreData.framework/Versions/A/CoreData
0x0000000003637000 	/System/Library/PrivateFrameworks/RemoteViewServices.framework/Versions/A/RemoteViewServices
0x0000000003637000 	/System/Library/PrivateFrameworks/UIFoundation.framework/Versions/A/UIFoundation
0x0000000003637000 	/System/Library/Frameworks/IOSurface.framework/Versions/A/IOSurface
0x0000000003637000 	/System/Library/Frameworks/AudioToolbox.framework/Versions/A/AudioToolbox
0x0000000003637000 	/System/Library/Frameworks/AudioUnit.framework/Versions/A/AudioUnit
0x0000000003637000 	/System/Library/PrivateFrameworks/DataDetectorsCore.framework/Versions/A/DataDetectorsCore
0x0000000003637000 	/System/Library/PrivateFrameworks/DesktopServicesPriv.framework/Versions/A/DesktopServicesPriv
0x0000000003637000 	/System/Library/Frameworks/Carbon.framework/Versions/A/Frameworks/HIToolbox.framework/Versions/A/HIToolbox
0x0000000003637000 	/System/Library/Frameworks/QuartzCore.framework/Versions/A/QuartzCore
0x0000000003637000 	/System/Library/Frameworks/Carbon.framework/Versions/A/Frameworks/SpeechRecognition.framework/Versions/A/SpeechRecognition
0x0000000003637000 	/usr/lib/libauto.dylib
0x0000000003637000 	/usr/lib/libicucore.A.dylib
0x0000000003637000 	/usr/lib/libxml2.2.dylib
0x0000000003637000 	/System/Library/PrivateFrameworks/CoreUI.framework/Versions/A/CoreUI
0x0000000003637000 	/System/Library/Frameworks/CoreAudio.framework/Versions/A/CoreAudio
0x0000000003637000 	/System/Library/Frameworks/DiskArbitration.framework/Versions/A/DiskArbitration
0x0000000003637000 	/usr/lib/liblangid.dylib
0x0000000003637000 	/System/Library/PrivateFrameworks/MultitouchSupport.framework/Versions/A/MultitouchSupport
0x0000000003637000 	/System/Library/Frameworks/IOKit.framework/Versions/A/IOKit
0x0000000003637000 	/usr/lib/libDiagnosticMessagesClient.dylib
0x0000000003637000 	/System/Library/Frameworks/CoreServices.framework/Versions/A/CoreServices
0x0000000003637000 	/System/Library/PrivateFrameworks/PerformanceAnalysis.framework/Versions/A/PerformanceAnalysis
0x0000000003637000 	/System/Library/PrivateFrameworks/GenerationalStorage.framework/Versions/A/GenerationalStorage
0x0000000003637000 	/System/Library/Frameworks/OpenGL.framework/Versions/A/OpenGL
0x0000000003637000 	/System/Library/PrivateFrameworks/Sharing.framework/Versions/A/Sharing
0x0000000003637000 	/System/Library/Frameworks/CoreGraphics.framework/Versions/A/CoreGraphics
0x0000000003637000 	/System/Library/Frameworks/CoreText.framework/Versions/A/CoreText
0x0000000003637000 	/System/Library/Frameworks/ImageIO.framework/Versions/A/ImageIO
0x0000000003637000 	/usr/lib/libextension.dylib
0x0000000003637000 	/System/Library/PrivateFrameworks/Backup.framework/Versions/A/Backup
0x0000000003637000 	/usr/lib/libarchive.2.dylib
0x0000000003637000 	/System/Library/Frameworks/CFNetwork.framework/Versions/A/CFNetwork
0x0000000003637000 	/System/Library/Frameworks/SystemConfiguration.framework/Versions/A/SystemConfiguration
0x0000000003637000 	/usr/lib/libCRFSuite.dylib
0x0000000003637000 	/usr/lib/libc++.1.dylib
0x0000000003637000 	/usr/lib/libc++abi.dylib
0x0000000003637000 	/usr/lib/system/libcache.dylib
0x0000000003637000 	/usr/lib/system/libcommonCrypto.dylib
0x0000000003637000 	/usr/lib/system/libcompiler_rt.dylib
0x0000000003637000 	/usr/lib/system/libcopyfile.dylib
0x0000000003637000 	/usr/lib/system/libcorecrypto.dylib
0x0000000003637000 	/usr/lib/system/libdispatch.dylib
0x0000000003637000 	/usr/lib/system/libdyld.dylib
0x0000000003637000 	/usr/lib/system/libkeymgr.dylib
0x0000000003637000 	/usr/lib/system/liblaunch.dylib
0x0000000003637000 	/usr/lib/system/libmacho.dylib
0x0000000003637000 	/usr/lib/system/libquarantine.dylib
0x0000000003637000 	/usr/lib/system/libremovefile.dylib
0x0000000003637000 	/usr/lib/system/libsystem_asl.dylib
0x0000000003637000 	/usr/lib/system/libsystem_blocks.dylib
0x0000000003637000 	/usr/lib/system/libsystem_c.dylib
0x0000000003637000 	/usr/lib/system/libsystem_configuration.dylib
0x0000000003637000 	/usr/lib/system/libsystem_coreservices.dylib
0x0000000003637000 	/usr/lib/system/libsystem_coretls.dylib
0x0000000003637000 	/usr/lib/system/libsystem_dnssd.dylib
0x0000000003637000 	/usr/lib/system/libsystem_info.dylib
0x0000000003637000 	/usr/lib/system/libsystem_kernel.dylib
0x0000000003637000 	/usr/lib/system/libsystem_m.dylib
0x0000000003637000 	/usr/lib/system/libsystem_malloc.dylib
0x0000000003637000 	/usr/lib/system/libsystem_network.dylib
0x0000000003637000 	/usr/lib/system/libsystem_networkextension.dylib
0x0000000003637000 	/usr/lib/system/libsystem_notify.dylib
0x0000000003637000 	/usr/lib/system/libsystem_platform.dylib
0x0000000003637000 	/usr/lib/system/libsystem_pthread.dylib
0x0000000003637000 	/usr/lib/system/libsystem_sandbox.dylib
0x0000000003637000 	/usr/lib/system/libsystem_secinit.dylib
0x0000000003637000 	/usr/lib/system/libsystem_stats.dylib
0x0000000003637000 	/usr/lib/system/libsystem_trace.dylib
0x0000000003637000 	/usr/lib/system/libunc.dylib
0x0000000003637000 	/usr/lib/system/libunwind.dylib
0x0000000003637000 	/usr/lib/system/libxpc.dylib
0x0000000003637000 	/usr/lib/libbz2.1.0.dylib
0x0000000003637000 	/usr/lib/liblzma.5.dylib
0x0000000003637000 	/usr/lib/libbsm.0.dylib
0x0000000003637000 	/usr/lib/libsqlite3.dylib
0x0000000003637000 	/usr/lib/system/libkxld.dylib
0x0000000003637000 	/usr/lib/libxar.1.dylib
0x0000000003637000 	/usr/lib/libpam.2.dylib
0x0000000003637000 	/usr/lib/libOpenScriptingUtil.dylib
0x0000000003637000 	/System/Library/Frameworks/CoreServices.framework/Versions/A/Frameworks/FSEvents.framework/Versions/A/FSEvents
0x0000000003637000 	/System/Library/Frameworks/CoreServices.framework/Versions/A/Frameworks/CarbonCore.framework/Versions/A/CarbonCore
0x0000000003637000 	/System/Library/Frameworks/CoreServices.framework/Versions/A/Frameworks/Metadata.framework/Versions/A/Metadata
0x0000000003637000 	/System/Library/Frameworks/CoreServices.framework/Versions/A/Frameworks/OSServices.framework/Versions/A/OSServices
0x0000000003637000 	/System/Library/Frameworks/CoreServices.framework/Versions/A/Frameworks/SearchKit.framework/Versions/A/SearchKit
0x0000000003637000 	/System/Library/Frameworks/CoreServices.framework/Versions/A/Frameworks/AE.framework/Versions/A/AE
0x0000000003637000 	/System/Library/Frameworks/CoreServices.framework/Versions/A/Frameworks/LaunchServices.framework/Versions/A/LaunchServices
0x0000000003637000 	/System/Library/Frameworks/CoreServices.framework/Versions/A/Frameworks/DictionaryServices.framework/Versions/A/DictionaryServices
0x0000000003637000 	/System/Library/Frameworks/NetFS.framework/Versions/A/NetFS
0x0000000003637000 	/System/Library/PrivateFrameworks/NetAuth.framework/Versions/A/NetAuth
0x0000000003637000 	/System/Library/PrivateFrameworks/login.framework/Versions/A/Frameworks/loginsupport.framework/Versions/A/loginsupport
0x0000000003637000 	/System/Library/PrivateFrameworks/TCC.framework/Versions/A/TCC
0x0000000003637000 	/usr/lib/libmecabra.dylib
0x0000000003637000 	/System/Library/Frameworks/ApplicationServices.framework/Versions/A/Frameworks/ATS.framework/Versions/A/ATS
0x0000000003637000 	/System/Library/Frameworks/ApplicationServices.framework/Versions/A/Frameworks/ColorSync.framework/Versions/A/ColorSync
0x0000000003637000 	/System/Library/Frameworks/ApplicationServices.framework/Versions/A/Frameworks/HIServices.framework/Versions/A/HIServices
0x0000000003637000 	/System/Library/Frameworks/ApplicationServices.framework/Versions/A/Frameworks/LangAnalysis.framework/Versions/A/LangAnalysis
0x0000000003637000 	/System/Library/Frameworks/ApplicationServices.framework/Versions/A/Frameworks/PrintCore.framework/Versions/A/PrintCore
0x0000000003637000 	/System/Library/Frameworks/ApplicationServices.framework/Versions/A/Frameworks/QD.framework/Versions/A/QD
0x0000000003637000 	/System/Library/Frameworks/ApplicationServices.framework/Versions/A/Frameworks/SpeechSynthesis.framework/Versions/A/SpeechSynthesis
0x0000000003637000 	/System/Library/Frameworks/Accelerate.framework/Versions/A/Accelerate
0x0000000003637000 	/System/Library/Frameworks/Accelerate.framework/Versions/A/Frameworks/vImage.framework/Versions/A/vImage
0x0000000003637000 	/System/Library/Frameworks/Accelerate.framework/Versions/A/Frameworks/vecLib.framework/Versions/A/vecLib
0x0000000003637000 	/System/Library/Frameworks/Accelerate.framework/Versions/A/Frameworks/vecLib.framework/Versions/A/libvDSP.dylib
0x0000000003637000 	/System/Library/Frameworks/Accelerate.framework/Versions/A/Frameworks/vecLib.framework/Versions/A/libvMisc.dylib
0x0000000003637000 	/System/Library/Frameworks/Accelerate.framework/Versions/A/Frameworks/vecLib.framework/Versions/A/libLAPACK.dylib
0x0000000003637000 	/System/Library/Frameworks/Accelerate.framework/Versions/A/Frameworks/vecLib.framework/Versions/A/libBLAS.dylib
0x0000000003637000 	/System/Library/Frameworks/Accelerate.framework/Versions/A/Frameworks/vecLib.framework/Versions/A/libLinearAlgebra.dylib
0x0000000003637000 	/System/Library/Frameworks/ApplicationServices.framework/Versions/A/Frameworks/ATS.framework/Versions/A/Resources/libFontParser.dylib
0x0000000003637000 	/System/Library/Frameworks/ApplicationServices.framework/Versions/A/Frameworks/ATS.framework/Versions/A/Resources/libFontRegistry.dylib
0x0000000003637000 	/System/Library/PrivateFrameworks/AppleVPA.framework/Versions/A/AppleVPA
0x0000000003637000 	/System/Library/PrivateFrameworks/AppleJPEG.framework/Versions/A/AppleJPEG
0x0000000003637000 	/System/Library/Frameworks/ImageIO.framework/Versions/A/Resources/libJPEG.dylib
0x0000000003637000 	/System/Library/Frameworks/ImageIO.framework/Versions/A/Resources/libTIFF.dylib
0x0000000003637000 	/System/Library/Frameworks/ImageIO.framework/Versions/A/Resources/libPng.dylib
0x0000000003637000 	/System/Library/Frameworks/ImageIO.framework/Versions/A/Resources/libGIF.dylib
0x0000000003637000 	/System/Library/Frameworks/ImageIO.framework/Versions/A/Resources/libJP2.dylib
0x0000000003637000 	/System/Library/Frameworks/ImageIO.framework/Versions/A/Resources/libRadiance.dylib
0x0000000003637000 	/System/Library/Frameworks/CoreVideo.framework/Versions/A/CoreVideo
0x0000000003637000 	/System/Library/Frameworks/OpenGL.framework/Versions/A/Libraries/libGLU.dylib
0x0000000003637000 	/System/Library/Frameworks/OpenGL.framework/Versions/A/Libraries/libGFXShared.dylib
0x0000000003637000 	/System/Library/Frameworks/OpenGL.framework/Versions/A/Libraries/libGL.dylib
0x0000000003637000 	/System/Library/Frameworks/OpenGL.framework/Versions/A/Libraries/libGLImage.dylib
0x0000000003637000 	/System/Library/Frameworks/OpenGL.framework/Versions/A/Libraries/libCVMSPluginSupport.dylib
0x0000000003637000 	/System/Library/Frameworks/OpenGL.framework/Versions/A/Libraries/libCoreVMClient.dylib
0x0000000003637000 	/usr/lib/libcups.2.dylib
0x0000000003637000 	/System/Library/Frameworks/Kerberos.framework/Versions/A/Kerberos
0x0000000003637000 	/System/Library/Frameworks/GSS.framework/Versions/A/GSS
0x0000000003637000 	/usr/lib/libresolv.9.dylib
0x0000000003637000 	/usr/lib/libiconv.2.dylib
0x0000000003637000 	/System/Library/PrivateFrameworks/Heimdal.framework/Versions/A/Heimdal
0x0000000003637000 	/usr/lib/libheimdal-asn1.dylib
0x0000000003637000 	/System/Library/Frameworks/OpenDirectory.framework/Versions/A/OpenDirectory
0x0000000003637000 	/System/Library/PrivateFrameworks/CommonAuth.framework/Versions/A/CommonAuth
0x0000000003637000 	/System/Library/Frameworks/OpenDirectory.framework/Versions/A/Frameworks/CFOpenDirectory.framework/Versions/A/CFOpenDirectory
0x0000000003637000 	/System/Library/Frameworks/SecurityFoundation.framework/Versions/A/SecurityFoundation
0x0000000003637000 	/System/Library/PrivateFrameworks/LanguageModeling.framework/Versions/A/LanguageModeling
0x0000000003637000 	/usr/lib/libcmph.dylib
0x0000000003637000 	/System/Library/Frameworks/ServiceManagement.framework/Versions/A/ServiceManagement
0x0000000003637000 	/usr/lib/libxslt.1.dylib
0x0000000003637000 	/System/Library/Frameworks/Carbon.framework/Versions/A/Frameworks/Ink.framework/Versions/A/Ink
0x0000000003637000 	/System/Library/Frameworks/QuartzCore.framework/Versions/A/Frameworks/CoreImage.framework/Versions/A/CoreImage
0x0000000003637000 	/System/Library/PrivateFrameworks/CrashReporterSupport.framework/Versions/A/CrashReporterSupport
0x0000000003637000 	/System/Library/Frameworks/OpenCL.framework/Versions/A/OpenCL
0x0000000003637000 	/System/Library/PrivateFrameworks/FaceCore.framework/Versions/A/FaceCore
0x0000000003637000 	/System/Library/PrivateFrameworks/DesktopServicesPriv.framework/Versions/A_/DesktopServicesPriv
0x0000000003637000 	/System/Library/PrivateFrameworks/Ubiquity.framework/Versions/A/Ubiquity
0x0000000003637000 	/System/Library/PrivateFrameworks/IconServices.framework/Versions/A/IconServices
0x0000000003637000 	/System/Library/PrivateFrameworks/ChunkingLibrary.framework/Versions/A/ChunkingLibrary
0x0000000003637000 	/System/Library/PrivateFrameworks/Apple80211.framework/Versions/A/Apple80211
0x0000000003637000 	/System/Library/Frameworks/CoreWLAN.framework/Versions/A/CoreWLAN
0x0000000003637000 	/System/Library/Frameworks/IOBluetooth.framework/Versions/A/IOBluetooth
0x0000000003637000 	/System/Library/PrivateFrameworks/CoreWiFi.framework/Versions/A/CoreWiFi
0x0000000003637000 	/System/Library/Frameworks/CoreBluetooth.framework/Versions/A/CoreBluetooth
0x0000000003637000 	/System/Library/PrivateFrameworks/DebugSymbols.framework/Versions/A/DebugSymbols
0x0000000003637000 	/System/Library/PrivateFrameworks/CoreSymbolication.framework/Versions/A/CoreSymbolication
0x0000000003637000 	/System/Library/PrivateFrameworks/Symbolication.framework/Versions/A/Symbolication
0x0000000003637000 	/System/Library/PrivateFrameworks/SpeechRecognitionCore.framework/Versions/A/SpeechRecognitionCore
0x000000010c400000 	/Library/Java/JavaVirtualMachines/jdk1.8.0_05.jdk/Contents/Home/jre/lib/server/libjvm.dylib
0x0000000003637000 	/usr/lib/libstdc++.6.dylib
0x000000010d3c3000 	/Library/Java/JavaVirtualMachines/jdk1.8.0_05.jdk/Contents/Home/jre/lib/libverify.dylib
0x000000010d3d1000 	/Library/Java/JavaVirtualMachines/jdk1.8.0_05.jdk/Contents/Home/jre/lib/libjava.dylib
0x000000010d405000 	/Applications/jprofiler8/bin/macos/libjprofilerti.jnilib
0x0000000003637000 	/usr/lib/libexpat.1.dylib
0x000000010dbb2000 	/Library/Java/JavaVirtualMachines/jdk1.8.0_05.jdk/Contents/Home/jre/lib/libzip.dylib
0x000000012979e000 	/System/Library/Frameworks/JavaVM.framework/Frameworks/JavaRuntimeSupport.framework/JavaRuntimeSupport
0x00000001297b6000 	/System/Library/Frameworks/JavaVM.framework/Versions/A/Frameworks/JavaNativeFoundation.framework/Versions/A/JavaNativeFoundation
0x00000001297cb000 	/System/Library/Frameworks/JavaVM.framework/Versions/A/JavaVM
0x0000000003637000 	/System/Library/Frameworks/Carbon.framework/Versions/A/Carbon
0x00000001297d8000 	/System/Library/PrivateFrameworks/JavaLaunching.framework/Versions/A/JavaLaunching
0x0000000003637000 	/System/Library/Frameworks/Carbon.framework/Versions/A/Frameworks/CommonPanels.framework/Versions/A/CommonPanels
0x0000000003637000 	/System/Library/Frameworks/Carbon.framework/Versions/A/Frameworks/Help.framework/Versions/A/Help
0x0000000003637000 	/System/Library/Frameworks/Carbon.framework/Versions/A/Frameworks/ImageCapture.framework/Versions/A/ImageCapture
0x0000000003637000 	/System/Library/Frameworks/Carbon.framework/Versions/A/Frameworks/OpenScripting.framework/Versions/A/OpenScripting
0x0000000003637000 	/System/Library/Frameworks/Carbon.framework/Versions/A/Frameworks/Print.framework/Versions/A/Print
0x0000000003637000 	/System/Library/Frameworks/Carbon.framework/Versions/A/Frameworks/SecurityHI.framework/Versions/A/SecurityHI
0x00000001297e8000 	/Library/Java/JavaVirtualMachines/jdk1.8.0_05.jdk/Contents/Home/jre/lib/libmanagement.dylib
0x00000001298bc000 	/Library/Java/JavaVirtualMachines/jdk1.8.0_05.jdk/Contents/Home/jre/lib/libnet.dylib
0x0000000129874000 	/Library/Java/JavaVirtualMachines/jdk1.8.0_05.jdk/Contents/Home/jre/lib/libnio.dylib

VM Arguments:
jvm_args: -agentpath:/Applications/jprofiler8/bin/macos/libjprofilerti.jnilib=port=33435 -Dfile.encoding=UTF-8 -Xbootclasspath/p:/Applications/jprofiler8/bin/agent.jar 
java_command: org.eclipse.jdt.internal.junit.runner.RemoteTestRunner -version 3 -port 59080 -testLoaderClass org.eclipse.jdt.internal.junit4.runner.JUnit4TestLoader -loaderpluginname org.eclipse.jdt.junit4.runtime -test net.akehurst.language.parser.test.speed.Speed_Test:abcds_abcds_abababcdcdcdabababcdcdcdabababcdcdcdabababcdcdcdabababcdcdcdabababcdcdcdabababcdcdcdabababcdcdcd
java_class_path (initial): /Users/akehurst/git/net.akehurst.language/net.akehurst.language.parser/target/test-classes:/Users/akehurst/git/net.akehurst.language/net.akehurst.language.parser/target/classes:/Users/akehurst/git/net.akehurst.language/net.akehurst.language.core/target/classes:/Users/akehurst/git/net.akehurst.language/net.akehurst.language.ogl/target/classes:/Users/akehurst/.m2/repository/junit/junit/4.11/junit-4.11.jar:/Users/akehurst/.m2/repository/org/hamcrest/hamcrest-core/1.3/hamcrest-core-1.3.jar:/Users/akehurst/.m2/repository/net/akehurst/transform/net.akehurst.transform.binary/1.0.0/net.akehurst.transform.binary-1.0.0.jar:/Users/akehurst/pkg/eclipse-luna-RC2/configuration/org.eclipse.osgi/452/0/.cp/:/Users/akehurst/pkg/eclipse-luna-RC2/configuration/org.eclipse.osgi/1322/0/.cp/
Launcher Type: SUN_STANDARD

Environment Variables:
PATH=/usr/bin:/bin:/usr/sbin:/sbin
SHELL=/bin/bash
DYLD_LIBRARY_PATH=/Applications/jprofiler8/bin/macos

Signal Handlers:
SIGSEGV: [libjvm.dylib+0x55f7df], sa_mask[0]=0xfffefeff, sa_flags=0x00000043
SIGBUS: [libjvm.dylib+0x55f7df], sa_mask[0]=0xfffefeff, sa_flags=0x00000042
SIGFPE: [libjvm.dylib+0x442cfa], sa_mask[0]=0xfffefeff, sa_flags=0x00000042
SIGPIPE: [libjvm.dylib+0x442cfa], sa_mask[0]=0xfffefeff, sa_flags=0x00000042
SIGXFSZ: [libjvm.dylib+0x442cfa], sa_mask[0]=0xfffefeff, sa_flags=0x00000042
SIGILL: [libjvm.dylib+0x442cfa], sa_mask[0]=0xfffefeff, sa_flags=0x00000042
SIGUSR1: SIG_DFL, sa_mask[0]=0x00000000, sa_flags=0x00000000
SIGUSR2: [libjvm.dylib+0x442818], sa_mask[0]=0x00000004, sa_flags=0x00000042
SIGHUP: [libjvm.dylib+0x440ba5], sa_mask[0]=0xfffefeff, sa_flags=0x00000042
SIGINT: [libjvm.dylib+0x440ba5], sa_mask[0]=0xfffefeff, sa_flags=0x00000042
SIGTERM: [libjvm.dylib+0x440ba5], sa_mask[0]=0xfffefeff, sa_flags=0x00000042
SIGQUIT: [libjvm.dylib+0x440ba5], sa_mask[0]=0xfffefeff, sa_flags=0x00000042


---------------  S Y S T E M  ---------------

OS:Bsduname:Darwin 14.1.0 Darwin Kernel Version 14.1.0: Mon Dec 22 23:10:38 PST 2014; root:xnu-2782.10.72~2/RELEASE_X86_64 x86_64
rlimit: STACK 8192k, CORE 0k, NPROC 709, NOFILE 10240, AS infinity
load average:6.49 5.17 4.30

CPU:total 8 (4 cores per cpu, 2 threads per core) family 6 model 70 stepping 1, cmov, cx8, fxsr, mmx, sse, sse2, sse3, ssse3, sse4.1, sse4.2, popcnt, avx, avx2, aes, clmul, erms, ht, tsc, tscinvbit

Memory: 4k page, physical 16777216k(14876k free)

/proc/meminfo:


vm_info: Java HotSpot(TM) 64-Bit Server VM (25.5-b02) for bsd-amd64 JRE (1.8.0_05-b13), built on Mar 18 2014 00:36:13 by "java_re" with gcc 4.2.1 (Based on Apple Inc. build 5658) (LLVM build 2336.11.00)

time: Thu Mar 19 17:07:34 2015
elapsed time: 2334 seconds

