#
# A fatal error has been detected by the Java Runtime Environment:
#
#  SIGSEGV (0xb) at pc=0x000000010804b9f4, pid=12281, tid=4867
#
# JRE version: Java(TM) SE Runtime Environment (8.0_05-b13) (build 1.8.0_05-b13)
# Java VM: Java HotSpot(TM) 64-Bit Server VM (25.5-b02 mixed mode bsd-amd64 compressed oops)
# Problematic frame:
# C  [libjprofilerti.jnilib+0x549f4]  LiveCpuProfilingHelper::exitMethod(JNIEnv_*, LiveThreadManager*, CallStackTree*, long long)+0x64
#
# Failed to write core dump. Core dumps have been disabled. To enable core dumping, try "ulimit -c unlimited" before starting Java again
#
# If you would like to submit a bug report, please visit:
#   http://bugreport.sun.com/bugreport/crash.jsp
# The crash happened outside the Java Virtual Machine in native code.
# See problematic frame for where to report the bug.
#

---------------  T H R E A D  ---------------

Current thread (0x00007f8a5b800000):  JavaThread "main" [_thread_in_native, id=4867, stack(0x0000000107ec1000,0x0000000107fc1000)]

siginfo:si_signo=SIGSEGV: si_errno=0, si_code=1 (SEGV_MAPERR), si_addr=0x0000000000000008

Registers:
RAX=0x0000000000000000, RBX=0x000000002a7aea2c, RCX=0x00000000000186a0, RDX=0x0000000000000000
RSP=0x0000000107fbf0a0, RBP=0x0000000107fbf0e0, RSI=0x00007f8a58e01a40, RDI=0x00007f8a5aab69f0
R8 =0x0000000000000000, R9 =0x0000000000000000, R10=0x0000000108981a84, R11=0x00000006c01081b8
R12=0x00007f8a5aab69f0, R13=0x00007f8a58caa460, R14=0x00007f8a5b8001e0, R15=0x00007f8a5b800000
RIP=0x000000010804b9f4, EFLAGS=0x0000000000010246, ERR=0x0000000000000004
  TRAPNO=0x000000000000000e

Top of Stack: (sp=0x0000000107fbf0a0)
0x0000000107fbf0a0:   00007f8a58f6ea30 00007f8a58f6ea30
0x0000000107fbf0b0:   0000000107fbf0e0 000000002a7aea2c
0x0000000107fbf0c0:   000000002a7aea2c 00007f8a58caa460
0x0000000107fbf0d0:   0000000000000000 0000000000000003
0x0000000107fbf0e0:   0000000107fbf1b0 000000010808ffae
0x0000000107fbf0f0:   00007f8a5ad398d0 00007f8a5b8001e0
0x0000000107fbf100:   0000000000000000 000000010807d3a1
0x0000000107fbf110:   0000000000000001 00007f8a58caa460
0x0000000107fbf120:   0000000054feb9c1 ffff0001000aa82c
0x0000000107fbf130:   00007f8a5b8001e0 000000010808ffae
0x0000000107fbf140:   0000000000000001 00007f8a5b8001e0
0x0000000107fbf150:   0000000000000000 0000000000000001
0x0000000107fbf160:   0000000107fbf240 000000010807d3a1
0x0000000107fbf170:   0000000054feb9c1 ffff0001000aa82a
0x0000000107fbf180:   00007f8a5b8001e0 00007f8a58e01a40
0x0000000107fbf190:   0000000000000754 00007f8a5b8001e0
0x0000000107fbf1a0:   0000000000000000 00007f8a5b800000
0x0000000107fbf1b0:   0000000107fbf210 00000001080907cb
0x0000000107fbf1c0:   0000000000000000 00000000ed617867
0x0000000107fbf1d0:   0000000107fbf248 00007f8a5b800000
0x0000000107fbf1e0:   0000000107fbf200 000000010807d5d7
0x0000000107fbf1f0:   00000000d801fe84 0000000000000000
0x0000000107fbf200:   00000000ed617867 0000000107fbf250
0x0000000107fbf210:   0000000107fbf260 0000000108981af6
0x0000000107fbf220:   0000000000000000 00000000ed617867
0x0000000107fbf230:   0000000107fbf2a0 00007f8a5b800000
0x0000000107fbf240:   0000000000000000 00000006c0106ff8
0x0000000107fbf250:   00000006c0106ff8 0000000107fbf2a0
0x0000000107fbf260:   00000000d8021803 0000000108a02f5c
0x0000000107fbf270:   00000006c50ad760 000000000000000c
0x0000000107fbf280:   0000000000000000 00000014ed6177a8
0x0000000107fbf290:   00000006c00be080 00000006ffffffec 

Instructions: (pc=0x000000010804b9f4)
0x000000010804b9d4:   4b 80 3d a8 5f 16 00 00 0f 84 ee 00 00 00 48 8b
0x000000010804b9e4:   35 af 5f 16 00 48 63 0d 90 5f 16 00 48 8b 56 10
0x000000010804b9f4:   48 8b 42 08 48 2b 02 48 ba ab aa aa aa aa aa aa
0x000000010804ba04:   aa 48 c1 f8 03 48 0f af c2 48 39 c1 77 2e 0f 1f 

Register to memory mapping:

RAX=0x0000000000000000 is an unknown value
RBX=0x000000002a7aea2c is an unknown value
RCX=0x00000000000186a0 is an unknown value
RDX=0x0000000000000000 is an unknown value
RSP=0x0000000107fbf0a0 is pointing into the stack for thread: 0x00007f8a5b800000
RBP=0x0000000107fbf0e0 is pointing into the stack for thread: 0x00007f8a5b800000
RSI=0x00007f8a58e01a40 is an unknown value
RDI=0x00007f8a5aab69f0 is an unknown value
R8 =0x0000000000000000 is an unknown value
R9 =0x0000000000000000 is an unknown value
R10=0x0000000108981a84 is at entry_point+68 in (nmethod*)0x00000001089818d0
R11=0x00000006c01081b8 is an oop
com.jprofiler.agent.JProfilerThreadManager 
 - klass: 'com/jprofiler/agent/JProfilerThreadManager'
R12=0x00007f8a5aab69f0 is an unknown value
R13=0x00007f8a58caa460 is an unknown value
R14=0x00007f8a5b8001e0 is an unknown value
R15=0x00007f8a5b800000 is a thread


Stack: [0x0000000107ec1000,0x0000000107fc1000],  sp=0x0000000107fbf0a0,  free space=1016k
Native frames: (J=compiled Java code, j=interpreted, Vv=VM code, C=native code)
C  [libjprofilerti.jnilib+0x549f4]  LiveCpuProfilingHelper::exitMethod(JNIEnv_*, LiveThreadManager*, CallStackTree*, long long)+0x64
C  [libjprofilerti.jnilib+0x98fae]  LiveThreadManager::methodExit(JNIEnv_*, MethodDesc*, int, bool)+0x34e
C  [libjprofilerti.jnilib+0x997cb]  LiveCpuProfilingSession::agentMethodExit(JNIEnv_*, int, bool, LiveThreadManager*)+0xdb
J 310  com.jprofiler.agent.InstrumentationCallee.exitMethod(IJ)J (0 bytes) @ 0x0000000108981af6 [0x0000000108981a40+0xb6]

Java frames: (J=compiled Java code, j=interpreted, Vv=VM code)
J 310  com.jprofiler.agent.InstrumentationCallee.exitMethod(IJ)J (0 bytes) @ 0x0000000108981a84 [0x0000000108981a40+0x44]
J 454 C2 net.akehurst.language.parser.forrest.ParseTreeBranch.getRoot()Lnet/akehurst/language/core/parser/INode; (37 bytes) @ 0x0000000108a02f5c [0x0000000108a02a60+0x4fc]
J 579 C2 net.akehurst.language.parser.ToStringVisitor.visit(Lnet/akehurst/language/core/parser/IParseTree;Ljava/lang/String;)Ljava/lang/String; (432 bytes) @ 0x0000000108afa9b0 [0x0000000108af9000+0x19b0]
J 568 C2 net.akehurst.language.parser.forrest.ParseTreeBranch.toString()Ljava/lang/String; (72 bytes) @ 0x0000000108aba838 [0x0000000108aba3a0+0x498]
J 598 C2 net.akehurst.language.parser.forrest.ParseTreeBranch.equals(Ljava/lang/Object;)Z (88 bytes) @ 0x0000000108b0cc34 [0x0000000108b0cb00+0x134]
J 824 C2 java.util.HashMap$TreeNode.find(ILjava/lang/Object;Ljava/lang/Class;)Ljava/util/HashMap$TreeNode; (172 bytes) @ 0x0000000108c43de4 [0x0000000108c43b80+0x264]
J 876 C2 net.akehurst.language.parser.forrest.Forrest.add(Lnet/akehurst/language/parser/forrest/AbstractParseTree;)V (389 bytes) @ 0x0000000108d1eec4 [0x0000000108d1d960+0x1564]
J 878 C2 net.akehurst.language.parser.forrest.Forrest.addAll(Ljava/util/Collection;)V (130 bytes) @ 0x0000000108d35718 [0x0000000108d34ee0+0x838]
j  net.akehurst.language.parser.forrest.Forrest.grow()Lnet/akehurst/language/parser/forrest/Forrest;+271
j  net.akehurst.language.parser.ScannerLessParser.doParse2(Lnet/akehurst/language/core/parser/INodeType;Ljava/lang/CharSequence;)Lnet/akehurst/language/core/parser/IParseTree;+220
j  net.akehurst.language.parser.ScannerLessParser.parse2(Lnet/akehurst/language/core/parser/INodeType;Ljava/lang/CharSequence;)Lnet/akehurst/language/core/parser/IParseTree;+133
j  net.akehurst.language.parser.ScannerLessParser.parse(Lnet/akehurst/language/core/parser/INodeType;Ljava/lang/CharSequence;)Lnet/akehurst/language/core/parser/IParseTree;+16
j  net.akehurst.language.parser.test.AbstractParser_Test.process(Lnet/akehurst/language/ogl/semanticModel/Grammar;Ljava/lang/String;Ljava/lang/String;)Lnet/akehurst/language/core/parser/IParseTree;+59
j  net.akehurst.language.parser.test.speed.Speed_Test.abcds_abcds_abababcdcdcdabababcdcdcdabababcdcdcd()V+28
v  ~StubRoutines::call_stub
j  sun.reflect.NativeMethodAccessorImpl.invoke0(Ljava/lang/reflect/Method;Ljava/lang/Object;[Ljava/lang/Object;)Ljava/lang/Object;+0
j  sun.reflect.NativeMethodAccessorImpl.invoke(Ljava/lang/Object;[Ljava/lang/Object;)Ljava/lang/Object;+100
j  sun.reflect.DelegatingMethodAccessorImpl.invoke(Ljava/lang/Object;[Ljava/lang/Object;)Ljava/lang/Object;+6
j  java.lang.reflect.Method.invoke(Ljava/lang/Object;[Ljava/lang/Object;)Ljava/lang/Object;+56
j  org.junit.runners.model.FrameworkMethod$1.runReflectiveCall()Ljava/lang/Object;+40
j  org.junit.internal.runners.model.ReflectiveCallable.run()Ljava/lang/Object;+14
j  org.junit.runners.model.FrameworkMethod.invokeExplosively(Ljava/lang/Object;[Ljava/lang/Object;)Ljava/lang/Object;+44
j  org.junit.internal.runners.statements.InvokeMethod.evaluate()V+33
j  org.junit.runners.ParentRunner.runLeaf(Lorg/junit/runners/model/Statement;Lorg/junit/runner/Description;Lorg/junit/runner/notification/RunNotifier;)V+51
j  org.junit.runners.BlockJUnit4ClassRunner.runChild(Lorg/junit/runners/model/FrameworkMethod;Lorg/junit/runner/notification/RunNotifier;)V+45
j  org.junit.runners.BlockJUnit4ClassRunner.runChild(Ljava/lang/Object;Lorg/junit/runner/notification/RunNotifier;)V+19
j  org.junit.runners.ParentRunner$3.run()V+33
j  org.junit.runners.ParentRunner$1.schedule(Ljava/lang/Runnable;)V+26
j  org.junit.runners.ParentRunner.runChildren(Lorg/junit/runner/notification/RunNotifier;)V+137
j  org.junit.runners.ParentRunner.access$000(Lorg/junit/runners/ParentRunner;Lorg/junit/runner/notification/RunNotifier;)V+15
j  org.junit.runners.ParentRunner$2.evaluate()V+21
j  org.junit.runners.ParentRunner.run(Lorg/junit/runner/notification/RunNotifier;)V+54
j  org.eclipse.jdt.internal.junit4.runner.JUnit4TestReference.run(Lorg/eclipse/jdt/internal/junit/runner/TestExecution;)V+72
j  org.eclipse.jdt.internal.junit.runner.TestExecution.run([Lorg/eclipse/jdt/internal/junit/runner/ITestReference;)V+17
j  org.eclipse.jdt.internal.junit.runner.RemoteTestRunner.runTests([Ljava/lang/String;Ljava/lang/String;Lorg/eclipse/jdt/internal/junit/runner/TestExecution;)V+61
j  org.eclipse.jdt.internal.junit.runner.RemoteTestRunner.runTests(Lorg/eclipse/jdt/internal/junit/runner/TestExecution;)V+10
j  org.eclipse.jdt.internal.junit.runner.RemoteTestRunner.run()V+90
j  org.eclipse.jdt.internal.junit.runner.RemoteTestRunner.main([Ljava/lang/String;)V+14
v  ~StubRoutines::call_stub

---------------  P R O C E S S  ---------------

Java Threads: ( => current thread )
  0x00007f8a5c02d800 JavaThread "ReaderThread" [_thread_in_native, id=14351, stack(0x00000001267fc000,0x00000001268fc000)]
  0x00007f8a59809000 JavaThread "_jprofiler_control_sampler" daemon [_thread_blocked, id=22531, stack(0x00000001266f9000,0x00000001267f9000)]
  0x00007f8a59097800 JavaThread "Service Thread" daemon [_thread_blocked, id=21507, stack(0x00000001264f3000,0x00000001265f3000)]
  0x00007f8a5d000000 JavaThread "C1 CompilerThread3" daemon [_thread_blocked, id=20995, stack(0x00000001263f0000,0x00000001264f0000)]
  0x00007f8a59086800 JavaThread "C2 CompilerThread2" daemon [_thread_blocked, id=20483, stack(0x00000001262ed000,0x00000001263ed000)]
  0x00007f8a59086000 JavaThread "C2 CompilerThread1" daemon [_thread_blocked, id=19971, stack(0x00000001261ea000,0x00000001262ea000)]
  0x00007f8a5906f800 JavaThread "C2 CompilerThread0" daemon [_thread_blocked, id=19459, stack(0x00000001260e7000,0x00000001261e7000)]
  0x00007f8a59085000 JavaThread "_jprofiler_sampler" daemon [_thread_blocked, id=16135, stack(0x0000000125fe4000,0x00000001260e4000)]
  0x00007f8a5c05f800 JavaThread "_jprofiler_native_sampler" daemon [_thread_blocked, id=14855, stack(0x0000000125ee1000,0x0000000125fe1000)]
  0x00007f8a5a00e000 JavaThread "_jprofiler_native_comm" daemon [_thread_in_native, id=18691, stack(0x0000000125cdb000,0x0000000125ddb000)]
  0x00007f8a5b094000 JavaThread "Signal Dispatcher" daemon [_thread_blocked, id=15383, stack(0x0000000125bd8000,0x0000000125cd8000)]
  0x00007f8a5901a800 JavaThread "Finalizer" daemon [_thread_blocked, id=13571, stack(0x000000012428e000,0x000000012438e000)]
  0x00007f8a5901a000 JavaThread "Reference Handler" daemon [_thread_blocked, id=13059, stack(0x000000012418b000,0x000000012428b000)]
=>0x00007f8a5b800000 JavaThread "main" [_thread_in_native, id=4867, stack(0x0000000107ec1000,0x0000000107fc1000)]

Other Threads:
  0x00007f8a5900c800 VMThread [stack: 0x0000000124088000,0x0000000124188000] [id=12547]
  0x00007f8a5b09f000 WatcherThread [stack: 0x00000001265f6000,0x00000001266f6000] [id=22019]

VM state:not at safepoint (normal execution)

VM Mutex/Monitor currently owned by a thread: None

Heap:
 PSYoungGen      total 10752K, used 6172K [0x000000076ab00000, 0x000000076b680000, 0x00000007c0000000)
  eden space 10240K, 58% used [0x000000076ab00000,0x000000076b0df350,0x000000076b500000)
  from space 512K, 31% used [0x000000076b580000,0x000000076b5a8000,0x000000076b600000)
  to   space 512K, 0% used [0x000000076b600000,0x000000076b600000,0x000000076b680000)
 ParOldGen       total 260608K, used 83036K [0x00000006c0000000, 0x00000006cfe80000, 0x000000076ab00000)
  object space 260608K, 31% used [0x00000006c0000000,0x00000006c5117390,0x00000006cfe80000)
 Metaspace       used 8000K, capacity 8092K, committed 8192K, reserved 1056768K
  class space    used 943K, capacity 976K, committed 1024K, reserved 1048576K

Card table byte_map: [0x0000000117b6d000,0x000000011836e000] byte_map_base: 0x000000011456d000

Marking Bits: (ParMarkBitMap*) 0x00000001078660a0
 Begin Bits: [0x00000001190dc000, 0x000000011d0dc000)
 End Bits:   [0x000000011d0dc000, 0x00000001210dc000)

Polling page: 0x0000000105ffc000

CodeCache: size=245760Kb used=6041Kb max_used=6054Kb free=239718Kb
 bounds [0x00000001087ad000, 0x0000000108dad000, 0x00000001177ad000]
 total_blobs=1246 nmethods=920 adapters=242
 compilation: enabled

Compilation events (10 events):
Event: 574.078 Thread 0x00007f8a59086800  916       4       net.akehurst.language.parser.forrest.CannotGraftBackException::<init> (29 bytes)
Event: 574.078 Thread 0x00007f8a59086000  917   !   4       net.akehurst.language.parser.forrest.AbstractParseTree::getIsEmpty (42 bytes)
Event: 574.083 Thread 0x00007f8a59086000 nmethod 917 0x0000000108d4a410 code [0x0000000108d4a660, 0x0000000108d4acb8]
Event: 574.084 Thread 0x00007f8a59086800 nmethod 916 0x0000000108d48c50 code [0x0000000108d48ea0, 0x0000000108d497a8]
Event: 579.091 Thread 0x00007f8a5d000000  918       3       java.util.concurrent.locks.AbstractOwnableSynchronizer::setExclusiveOwnerThread (6 bytes)
Event: 579.091 Thread 0x00007f8a5d000000 nmethod 918 0x0000000108d4ef10 code [0x0000000108d4f060, 0x0000000108d4f1d0]
Event: 612.530 Thread 0x00007f8a5906f800  919 %     4       java.util.HashMap$TreeNode::split @ 25 (218 bytes)
Event: 612.536 Thread 0x00007f8a5906f800 nmethod 919% 0x0000000108d47dd0 code [0x0000000108d47fa0, 0x0000000108d486c8]
Event: 667.705 Thread 0x00007f8a59086800  920 % !   4       com.jprofiler.agent.probe.x::run @ 0 (148 bytes)
Event: 667.709 Thread 0x00007f8a59086800 nmethod 920% 0x0000000108d3e4d0 code [0x0000000108d3e6a0, 0x0000000108d3ec50]

GC Heap History (10 events):
Event: 710.572 GC heap before
{Heap before GC invocations=2319 (full 0):
 PSYoungGen      total 10752K, used 10464K [0x000000076ab00000, 0x000000076b680000, 0x00000007c0000000)
  eden space 10240K, 100% used [0x000000076ab00000,0x000000076b500000,0x000000076b500000)
  from space 512K, 43% used [0x000000076b600000,0x000000076b638000,0x000000076b680000)
  to   space 512K, 0% used [0x000000076b580000,0x000000076b580000,0x000000076b600000)
 ParOldGen       total 260608K, used 82876K [0x00000006c0000000, 0x00000006cfe80000, 0x000000076ab00000)
  object space 260608K, 31% used [0x00000006c0000000,0x00000006c50ef390,0x00000006cfe80000)
 Metaspace       used 8000K, capacity 8092K, committed 8192K, reserved 1056768K
  class space    used 943K, capacity 976K, committed 1024K, reserved 1048576K
Event: 710.573 GC heap after
Heap after GC invocations=2319 (full 0):
 PSYoungGen      total 10752K, used 128K [0x000000076ab00000, 0x000000076b680000, 0x00000007c0000000)
  eden space 10240K, 0% used [0x000000076ab00000,0x000000076ab00000,0x000000076b500000)
  from space 512K, 25% used [0x000000076b580000,0x000000076b5a0000,0x000000076b600000)
  to   space 512K, 0% used [0x000000076b600000,0x000000076b600000,0x000000076b680000)
 ParOldGen       total 260608K, used 82900K [0x00000006c0000000, 0x00000006cfe80000, 0x000000076ab00000)
  object space 260608K, 31% used [0x00000006c0000000,0x00000006c50f5390,0x00000006cfe80000)
 Metaspace       used 8000K, capacity 8092K, committed 8192K, reserved 1056768K
  class space    used 943K, capacity 976K, committed 1024K, reserved 1048576K
}
Event: 710.918 GC heap before
{Heap before GC invocations=2320 (full 0):
 PSYoungGen      total 10752K, used 10368K [0x000000076ab00000, 0x000000076b680000, 0x00000007c0000000)
  eden space 10240K, 100% used [0x000000076ab00000,0x000000076b500000,0x000000076b500000)
  from space 512K, 25% used [0x000000076b580000,0x000000076b5a0000,0x000000076b600000)
  to   space 512K, 0% used [0x000000076b600000,0x000000076b600000,0x000000076b680000)
 ParOldGen       total 260608K, used 82900K [0x00000006c0000000, 0x00000006cfe80000, 0x000000076ab00000)
  object space 260608K, 31% used [0x00000006c0000000,0x00000006c50f5390,0x00000006cfe80000)
 Metaspace       used 8000K, capacity 8092K, committed 8192K, reserved 1056768K
  class space    used 943K, capacity 976K, committed 1024K, reserved 1048576K
Event: 710.919 GC heap after
Heap after GC invocations=2320 (full 0):
 PSYoungGen      total 10752K, used 256K [0x000000076ab00000, 0x000000076b680000, 0x00000007c0000000)
  eden space 10240K, 0% used [0x000000076ab00000,0x000000076ab00000,0x000000076b500000)
  from space 512K, 50% used [0x000000076b600000,0x000000076b640000,0x000000076b680000)
  to   space 512K, 0% used [0x000000076b580000,0x000000076b580000,0x000000076b600000)
 ParOldGen       total 260608K, used 82948K [0x00000006c0000000, 0x00000006cfe80000, 0x000000076ab00000)
  object space 260608K, 31% used [0x00000006c0000000,0x00000006c5101390,0x00000006cfe80000)
 Metaspace       used 8000K, capacity 8092K, committed 8192K, reserved 1056768K
  class space    used 943K, capacity 976K, committed 1024K, reserved 1048576K
}
Event: 711.287 GC heap before
{Heap before GC invocations=2321 (full 0):
 PSYoungGen      total 10752K, used 10496K [0x000000076ab00000, 0x000000076b680000, 0x00000007c0000000)
  eden space 10240K, 100% used [0x000000076ab00000,0x000000076b500000,0x000000076b500000)
  from space 512K, 50% used [0x000000076b600000,0x000000076b640000,0x000000076b680000)
  to   space 512K, 0% used [0x000000076b580000,0x000000076b580000,0x000000076b600000)
 ParOldGen       total 260608K, used 82948K [0x00000006c0000000, 0x00000006cfe80000, 0x000000076ab00000)
  object space 260608K, 31% used [0x00000006c0000000,0x00000006c5101390,0x00000006cfe80000)
 Metaspace       used 8000K, capacity 8092K, committed 8192K, reserved 1056768K
  class space    used 943K, capacity 976K, committed 1024K, reserved 1048576K
Event: 711.288 GC heap after
Heap after GC invocations=2321 (full 0):
 PSYoungGen      total 10752K, used 128K [0x000000076ab00000, 0x000000076b680000, 0x00000007c0000000)
  eden space 10240K, 0% used [0x000000076ab00000,0x000000076ab00000,0x000000076b500000)
  from space 512K, 25% used [0x000000076b580000,0x000000076b5a0000,0x000000076b600000)
  to   space 512K, 0% used [0x000000076b600000,0x000000076b600000,0x000000076b680000)
 ParOldGen       total 260608K, used 82972K [0x00000006c0000000, 0x00000006cfe80000, 0x000000076ab00000)
  object space 260608K, 31% used [0x00000006c0000000,0x00000006c5107390,0x00000006cfe80000)
 Metaspace       used 8000K, capacity 8092K, committed 8192K, reserved 1056768K
  class space    used 943K, capacity 976K, committed 1024K, reserved 1048576K
}
Event: 711.641 GC heap before
{Heap before GC invocations=2322 (full 0):
 PSYoungGen      total 10752K, used 10368K [0x000000076ab00000, 0x000000076b680000, 0x00000007c0000000)
  eden space 10240K, 100% used [0x000000076ab00000,0x000000076b500000,0x000000076b500000)
  from space 512K, 25% used [0x000000076b580000,0x000000076b5a0000,0x000000076b600000)
  to   space 512K, 0% used [0x000000076b600000,0x000000076b600000,0x000000076b680000)
 ParOldGen       total 260608K, used 82972K [0x00000006c0000000, 0x00000006cfe80000, 0x000000076ab00000)
  object space 260608K, 31% used [0x00000006c0000000,0x00000006c5107390,0x00000006cfe80000)
 Metaspace       used 8000K, capacity 8092K, committed 8192K, reserved 1056768K
  class space    used 943K, capacity 976K, committed 1024K, reserved 1048576K
Event: 711.642 GC heap after
Heap after GC invocations=2322 (full 0):
 PSYoungGen      total 10752K, used 192K [0x000000076ab00000, 0x000000076b680000, 0x00000007c0000000)
  eden space 10240K, 0% used [0x000000076ab00000,0x000000076ab00000,0x000000076b500000)
  from space 512K, 37% used [0x000000076b600000,0x000000076b630000,0x000000076b680000)
  to   space 512K, 0% used [0x000000076b580000,0x000000076b580000,0x000000076b600000)
 ParOldGen       total 260608K, used 83004K [0x00000006c0000000, 0x00000006cfe80000, 0x000000076ab00000)
  object space 260608K, 31% used [0x00000006c0000000,0x00000006c510f390,0x00000006cfe80000)
 Metaspace       used 8000K, capacity 8092K, committed 8192K, reserved 1056768K
  class space    used 943K, capacity 976K, committed 1024K, reserved 1048576K
}
Event: 711.988 GC heap before
{Heap before GC invocations=2323 (full 0):
 PSYoungGen      total 10752K, used 10432K [0x000000076ab00000, 0x000000076b680000, 0x00000007c0000000)
  eden space 10240K, 100% used [0x000000076ab00000,0x000000076b500000,0x000000076b500000)
  from space 512K, 37% used [0x000000076b600000,0x000000076b630000,0x000000076b680000)
  to   space 512K, 0% used [0x000000076b580000,0x000000076b580000,0x000000076b600000)
 ParOldGen       total 260608K, used 83004K [0x00000006c0000000, 0x00000006cfe80000, 0x000000076ab00000)
  object space 260608K, 31% used [0x00000006c0000000,0x00000006c510f390,0x00000006cfe80000)
 Metaspace       used 8000K, capacity 8092K, committed 8192K, reserved 1056768K
  class space    used 943K, capacity 976K, committed 1024K, reserved 1048576K
Event: 711.989 GC heap after
Heap after GC invocations=2323 (full 0):
 PSYoungGen      total 10752K, used 160K [0x000000076ab00000, 0x000000076b680000, 0x00000007c0000000)
  eden space 10240K, 0% used [0x000000076ab00000,0x000000076ab00000,0x000000076b500000)
  from space 512K, 31% used [0x000000076b580000,0x000000076b5a8000,0x000000076b600000)
  to   space 512K, 0% used [0x000000076b600000,0x000000076b600000,0x000000076b680000)
 ParOldGen       total 260608K, used 83036K [0x00000006c0000000, 0x00000006cfe80000, 0x000000076ab00000)
  object space 260608K, 31% used [0x00000006c0000000,0x00000006c5117390,0x00000006cfe80000)
 Metaspace       used 8000K, capacity 8092K, committed 8192K, reserved 1056768K
  class space    used 943K, capacity 976K, committed 1024K, reserved 1048576K
}

Deoptimization events (10 events):
Event: 24.308 Thread 0x00007f8a59085000 Uncommon trap: reason=bimorphic action=maybe_recompile pc=0x0000000108b335b8 method=java.util.HashMap.putVal(ILjava/lang/Object;Ljava/lang/Object;ZZ)Ljava/lang/Object; @ 152
Event: 24.308 Thread 0x00007f8a59085000 Uncommon trap: reason=class_check action=maybe_recompile pc=0x0000000108b333b4 method=java.util.HashMap.putVal(ILjava/lang/Object;Ljava/lang/Object;ZZ)Ljava/lang/Object; @ 253
Event: 24.311 Thread 0x00007f8a59085000 Uncommon trap: reason=bimorphic action=maybe_recompile pc=0x0000000108b335b8 method=java.util.HashMap.putVal(ILjava/lang/Object;Ljava/lang/Object;ZZ)Ljava/lang/Object; @ 152
Event: 24.313 Thread 0x00007f8a59085000 Uncommon trap: reason=class_check action=maybe_recompile pc=0x0000000108b333b4 method=java.util.HashMap.putVal(ILjava/lang/Object;Ljava/lang/Object;ZZ)Ljava/lang/Object; @ 253
Event: 24.314 Thread 0x00007f8a59085000 Uncommon trap: reason=null_check action=make_not_entrant pc=0x00000001089a1b64 method=com.jprofiler.agent.JProfilerThreadManager.getJProfilerThreadManager()Lcom/jprofiler/agent/JProfilerThreadManager; @ 6
Event: 24.315 Thread 0x00007f8a59085000 Uncommon trap: reason=class_check action=maybe_recompile pc=0x00000001088dfb88 method=java.io.DataOutputStream.write([BII)V @ 7
Event: 24.319 Thread 0x00007f8a59085000 Uncommon trap: reason=bimorphic action=maybe_recompile pc=0x0000000108b335b8 method=java.util.HashMap.putVal(ILjava/lang/Object;Ljava/lang/Object;ZZ)Ljava/lang/Object; @ 152
Event: 24.320 Thread 0x00007f8a59085000 Uncommon trap: reason=bimorphic action=maybe_recompile pc=0x0000000108b335b8 method=java.util.HashMap.putVal(ILjava/lang/Object;Ljava/lang/Object;ZZ)Ljava/lang/Object; @ 152
Event: 54.434 Thread 0x00007f8a5b800000 Uncommon trap: reason=unreached action=reinterpret pc=0x0000000108bbd68c method=java.util.HashMap$TreeNode.find(ILjava/lang/Object;Ljava/lang/Class;)Ljava/util/HashMap$TreeNode; @ 155
Event: 54.435 Thread 0x00007f8a5b800000 Uncommon trap: reason=unreached action=reinterpret pc=0x0000000108b7478c method=java.util.HashMap$TreeNode.find(ILjava/lang/Object;Ljava/lang/Class;)Ljava/util/HashMap$TreeNode; @ 155

Internal exceptions (10 events):
Event: 24.314 Thread 0x00007f8a59085000 Implicit null exception at 0x00000001089a1a54 to 0x00000001089a1b55
Event: 24.317 Thread 0x00007f8a59085000 Exception <a 'java/lang/ArrayIndexOutOfBoundsException'> (0x000000076b432ec8) thrown at [/HUDSON/workspace/8-2-build-macosx-x86_64/jdk8u5/2488/hotspot/src/share/vm/runtime/sharedRuntime.cpp, line 595]
Event: 24.318 Thread 0x00007f8a59085000 Exception <a 'java/lang/ArrayIndexOutOfBoundsException'> (0x000000076b433ba0) thrown at [/HUDSON/workspace/8-2-build-macosx-x86_64/jdk8u5/2488/hotspot/src/share/vm/runtime/sharedRuntime.cpp, line 595]
Event: 24.318 Thread 0x00007f8a59085000 Exception <a 'java/lang/ArrayIndexOutOfBoundsException'> (0x000000076b434ad8) thrown at [/HUDSON/workspace/8-2-build-macosx-x86_64/jdk8u5/2488/hotspot/src/share/vm/runtime/sharedRuntime.cpp, line 595]
Event: 24.319 Thread 0x00007f8a59085000 Exception <a 'java/lang/ArrayIndexOutOfBoundsException'> (0x000000076b436298) thrown at [/HUDSON/workspace/8-2-build-macosx-x86_64/jdk8u5/2488/hotspot/src/share/vm/runtime/sharedRuntime.cpp, line 595]
Event: 24.324 Thread 0x00007f8a59085000 Exception <a 'java/lang/ArrayIndexOutOfBoundsException'> (0x000000076b490430) thrown at [/HUDSON/workspace/8-2-build-macosx-x86_64/jdk8u5/2488/hotspot/src/share/vm/runtime/sharedRuntime.cpp, line 595]
Event: 24.324 Thread 0x00007f8a59085000 Exception <a 'java/lang/ArrayIndexOutOfBoundsException'> (0x000000076b491640) thrown at [/HUDSON/workspace/8-2-build-macosx-x86_64/jdk8u5/2488/hotspot/src/share/vm/runtime/sharedRuntime.cpp, line 595]
Event: 24.324 Thread 0x00007f8a59085000 Exception <a 'java/lang/ArrayIndexOutOfBoundsException'> (0x000000076b492bc0) thrown at [/HUDSON/workspace/8-2-build-macosx-x86_64/jdk8u5/2488/hotspot/src/share/vm/runtime/sharedRuntime.cpp, line 595]
Event: 24.331 Thread 0x00007f8a59085000 Exception <a 'java/lang/ArrayIndexOutOfBoundsException'> (0x000000076b4edca8) thrown at [/HUDSON/workspace/8-2-build-macosx-x86_64/jdk8u5/2488/hotspot/src/share/vm/runtime/sharedRuntime.cpp, line 595]
Event: 24.341 Thread 0x00007f8a59085000 Exception <a 'java/lang/ArrayIndexOutOfBoundsException'> (0x000000076ab3c048) thrown at [/HUDSON/workspace/8-2-build-macosx-x86_64/jdk8u5/2488/hotspot/src/share/vm/runtime/sharedRuntime.cpp, line 595]

Events (10 events):
Event: 710.572 Executing VM operation: ParallelGCFailedAllocation
Event: 710.573 Executing VM operation: ParallelGCFailedAllocation done
Event: 710.918 Executing VM operation: ParallelGCFailedAllocation
Event: 710.919 Executing VM operation: ParallelGCFailedAllocation done
Event: 711.287 Executing VM operation: ParallelGCFailedAllocation
Event: 711.288 Executing VM operation: ParallelGCFailedAllocation done
Event: 711.641 Executing VM operation: ParallelGCFailedAllocation
Event: 711.642 Executing VM operation: ParallelGCFailedAllocation done
Event: 711.988 Executing VM operation: ParallelGCFailedAllocation
Event: 711.989 Executing VM operation: ParallelGCFailedAllocation done


Dynamic libraries:
0x0000000003637000 	/System/Library/Frameworks/Cocoa.framework/Versions/A/Cocoa
0x0000000003637000 	/System/Library/Frameworks/Security.framework/Versions/A/Security
0x0000000003637000 	/System/Library/Frameworks/ApplicationServices.framework/Versions/A/ApplicationServices
0x0000000003637000 	/usr/lib/libz.1.dylib
0x0000000003637000 	/usr/lib/libSystem.B.dylib
0x0000000003637000 	/usr/lib/libobjc.A.dylib
0x0000000003637000 	/System/Library/Frameworks/CoreFoundation.framework/Versions/A/CoreFoundation
0x0000000003637000 	/System/Library/Frameworks/Foundation.framework/Versions/C/Foundation
0x0000000003637000 	/System/Library/Frameworks/AppKit.framework/Versions/C/AppKit
0x0000000003637000 	/System/Library/Frameworks/CoreData.framework/Versions/A/CoreData
0x0000000003637000 	/System/Library/PrivateFrameworks/RemoteViewServices.framework/Versions/A/RemoteViewServices
0x0000000003637000 	/System/Library/PrivateFrameworks/UIFoundation.framework/Versions/A/UIFoundation
0x0000000003637000 	/System/Library/Frameworks/IOSurface.framework/Versions/A/IOSurface
0x0000000003637000 	/System/Library/Frameworks/AudioToolbox.framework/Versions/A/AudioToolbox
0x0000000003637000 	/System/Library/Frameworks/AudioUnit.framework/Versions/A/AudioUnit
0x0000000003637000 	/System/Library/PrivateFrameworks/DataDetectorsCore.framework/Versions/A/DataDetectorsCore
0x0000000003637000 	/System/Library/PrivateFrameworks/DesktopServicesPriv.framework/Versions/A/DesktopServicesPriv
0x0000000003637000 	/System/Library/Frameworks/Carbon.framework/Versions/A/Frameworks/HIToolbox.framework/Versions/A/HIToolbox
0x0000000003637000 	/System/Library/Frameworks/QuartzCore.framework/Versions/A/QuartzCore
0x0000000003637000 	/System/Library/Frameworks/Carbon.framework/Versions/A/Frameworks/SpeechRecognition.framework/Versions/A/SpeechRecognition
0x0000000003637000 	/usr/lib/libauto.dylib
0x0000000003637000 	/usr/lib/libicucore.A.dylib
0x0000000003637000 	/usr/lib/libxml2.2.dylib
0x0000000003637000 	/System/Library/PrivateFrameworks/CoreUI.framework/Versions/A/CoreUI
0x0000000003637000 	/System/Library/Frameworks/CoreAudio.framework/Versions/A/CoreAudio
0x0000000003637000 	/System/Library/Frameworks/DiskArbitration.framework/Versions/A/DiskArbitration
0x0000000003637000 	/usr/lib/liblangid.dylib
0x0000000003637000 	/System/Library/PrivateFrameworks/MultitouchSupport.framework/Versions/A/MultitouchSupport
0x0000000003637000 	/System/Library/Frameworks/IOKit.framework/Versions/A/IOKit
0x0000000003637000 	/usr/lib/libDiagnosticMessagesClient.dylib
0x0000000003637000 	/System/Library/Frameworks/CoreServices.framework/Versions/A/CoreServices
0x0000000003637000 	/System/Library/PrivateFrameworks/PerformanceAnalysis.framework/Versions/A/PerformanceAnalysis
0x0000000003637000 	/System/Library/PrivateFrameworks/GenerationalStorage.framework/Versions/A/GenerationalStorage
0x0000000003637000 	/System/Library/Frameworks/OpenGL.framework/Versions/A/OpenGL
0x0000000003637000 	/System/Library/PrivateFrameworks/Sharing.framework/Versions/A/Sharing
0x0000000003637000 	/System/Library/Frameworks/CoreGraphics.framework/Versions/A/CoreGraphics
0x0000000003637000 	/System/Library/Frameworks/CoreText.framework/Versions/A/CoreText
0x0000000003637000 	/System/Library/Frameworks/ImageIO.framework/Versions/A/ImageIO
0x0000000003637000 	/usr/lib/libextension.dylib
0x0000000003637000 	/System/Library/PrivateFrameworks/Backup.framework/Versions/A/Backup
0x0000000003637000 	/usr/lib/libarchive.2.dylib
0x0000000003637000 	/System/Library/Frameworks/CFNetwork.framework/Versions/A/CFNetwork
0x0000000003637000 	/System/Library/Frameworks/SystemConfiguration.framework/Versions/A/SystemConfiguration
0x0000000003637000 	/usr/lib/libCRFSuite.dylib
0x0000000003637000 	/usr/lib/libc++.1.dylib
0x0000000003637000 	/usr/lib/libc++abi.dylib
0x0000000003637000 	/usr/lib/system/libcache.dylib
0x0000000003637000 	/usr/lib/system/libcommonCrypto.dylib
0x0000000003637000 	/usr/lib/system/libcompiler_rt.dylib
0x0000000003637000 	/usr/lib/system/libcopyfile.dylib
0x0000000003637000 	/usr/lib/system/libcorecrypto.dylib
0x0000000003637000 	/usr/lib/system/libdispatch.dylib
0x0000000003637000 	/usr/lib/system/libdyld.dylib
0x0000000003637000 	/usr/lib/system/libkeymgr.dylib
0x0000000003637000 	/usr/lib/system/liblaunch.dylib
0x0000000003637000 	/usr/lib/system/libmacho.dylib
0x0000000003637000 	/usr/lib/system/libquarantine.dylib
0x0000000003637000 	/usr/lib/system/libremovefile.dylib
0x0000000003637000 	/usr/lib/system/libsystem_asl.dylib
0x0000000003637000 	/usr/lib/system/libsystem_blocks.dylib
0x0000000003637000 	/usr/lib/system/libsystem_c.dylib
0x0000000003637000 	/usr/lib/system/libsystem_configuration.dylib
0x0000000003637000 	/usr/lib/system/libsystem_coreservices.dylib
0x0000000003637000 	/usr/lib/system/libsystem_coretls.dylib
0x0000000003637000 	/usr/lib/system/libsystem_dnssd.dylib
0x0000000003637000 	/usr/lib/system/libsystem_info.dylib
0x0000000003637000 	/usr/lib/system/libsystem_kernel.dylib
0x0000000003637000 	/usr/lib/system/libsystem_m.dylib
0x0000000003637000 	/usr/lib/system/libsystem_malloc.dylib
0x0000000003637000 	/usr/lib/system/libsystem_network.dylib
0x0000000003637000 	/usr/lib/system/libsystem_networkextension.dylib
0x0000000003637000 	/usr/lib/system/libsystem_notify.dylib
0x0000000003637000 	/usr/lib/system/libsystem_platform.dylib
0x0000000003637000 	/usr/lib/system/libsystem_pthread.dylib
0x0000000003637000 	/usr/lib/system/libsystem_sandbox.dylib
0x0000000003637000 	/usr/lib/system/libsystem_secinit.dylib
0x0000000003637000 	/usr/lib/system/libsystem_stats.dylib
0x0000000003637000 	/usr/lib/system/libsystem_trace.dylib
0x0000000003637000 	/usr/lib/system/libunc.dylib
0x0000000003637000 	/usr/lib/system/libunwind.dylib
0x0000000003637000 	/usr/lib/system/libxpc.dylib
0x0000000003637000 	/usr/lib/libbz2.1.0.dylib
0x0000000003637000 	/usr/lib/liblzma.5.dylib
0x0000000003637000 	/usr/lib/libbsm.0.dylib
0x0000000003637000 	/usr/lib/libsqlite3.dylib
0x0000000003637000 	/usr/lib/system/libkxld.dylib
0x0000000003637000 	/usr/lib/libxar.1.dylib
0x0000000003637000 	/usr/lib/libpam.2.dylib
0x0000000003637000 	/usr/lib/libOpenScriptingUtil.dylib
0x0000000003637000 	/System/Library/Frameworks/CoreServices.framework/Versions/A/Frameworks/FSEvents.framework/Versions/A/FSEvents
0x0000000003637000 	/System/Library/Frameworks/CoreServices.framework/Versions/A/Frameworks/CarbonCore.framework/Versions/A/CarbonCore
0x0000000003637000 	/System/Library/Frameworks/CoreServices.framework/Versions/A/Frameworks/Metadata.framework/Versions/A/Metadata
0x0000000003637000 	/System/Library/Frameworks/CoreServices.framework/Versions/A/Frameworks/OSServices.framework/Versions/A/OSServices
0x0000000003637000 	/System/Library/Frameworks/CoreServices.framework/Versions/A/Frameworks/SearchKit.framework/Versions/A/SearchKit
0x0000000003637000 	/System/Library/Frameworks/CoreServices.framework/Versions/A/Frameworks/AE.framework/Versions/A/AE
0x0000000003637000 	/System/Library/Frameworks/CoreServices.framework/Versions/A/Frameworks/LaunchServices.framework/Versions/A/LaunchServices
0x0000000003637000 	/System/Library/Frameworks/CoreServices.framework/Versions/A/Frameworks/DictionaryServices.framework/Versions/A/DictionaryServices
0x0000000003637000 	/System/Library/Frameworks/NetFS.framework/Versions/A/NetFS
0x0000000003637000 	/System/Library/PrivateFrameworks/NetAuth.framework/Versions/A/NetAuth
0x0000000003637000 	/System/Library/PrivateFrameworks/login.framework/Versions/A/Frameworks/loginsupport.framework/Versions/A/loginsupport
0x0000000003637000 	/System/Library/PrivateFrameworks/TCC.framework/Versions/A/TCC
0x0000000003637000 	/usr/lib/libmecabra.dylib
0x0000000003637000 	/System/Library/Frameworks/ApplicationServices.framework/Versions/A/Frameworks/ATS.framework/Versions/A/ATS
0x0000000003637000 	/System/Library/Frameworks/ApplicationServices.framework/Versions/A/Frameworks/ColorSync.framework/Versions/A/ColorSync
0x0000000003637000 	/System/Library/Frameworks/ApplicationServices.framework/Versions/A/Frameworks/HIServices.framework/Versions/A/HIServices
0x0000000003637000 	/System/Library/Frameworks/ApplicationServices.framework/Versions/A/Frameworks/LangAnalysis.framework/Versions/A/LangAnalysis
0x0000000003637000 	/System/Library/Frameworks/ApplicationServices.framework/Versions/A/Frameworks/PrintCore.framework/Versions/A/PrintCore
0x0000000003637000 	/System/Library/Frameworks/ApplicationServices.framework/Versions/A/Frameworks/QD.framework/Versions/A/QD
0x0000000003637000 	/System/Library/Frameworks/ApplicationServices.framework/Versions/A/Frameworks/SpeechSynthesis.framework/Versions/A/SpeechSynthesis
0x0000000003637000 	/System/Library/Frameworks/Accelerate.framework/Versions/A/Accelerate
0x0000000003637000 	/System/Library/Frameworks/Accelerate.framework/Versions/A/Frameworks/vImage.framework/Versions/A/vImage
0x0000000003637000 	/System/Library/Frameworks/Accelerate.framework/Versions/A/Frameworks/vecLib.framework/Versions/A/vecLib
0x0000000003637000 	/System/Library/Frameworks/Accelerate.framework/Versions/A/Frameworks/vecLib.framework/Versions/A/libvDSP.dylib
0x0000000003637000 	/System/Library/Frameworks/Accelerate.framework/Versions/A/Frameworks/vecLib.framework/Versions/A/libvMisc.dylib
0x0000000003637000 	/System/Library/Frameworks/Accelerate.framework/Versions/A/Frameworks/vecLib.framework/Versions/A/libLAPACK.dylib
0x0000000003637000 	/System/Library/Frameworks/Accelerate.framework/Versions/A/Frameworks/vecLib.framework/Versions/A/libBLAS.dylib
0x0000000003637000 	/System/Library/Frameworks/Accelerate.framework/Versions/A/Frameworks/vecLib.framework/Versions/A/libLinearAlgebra.dylib
0x0000000003637000 	/System/Library/Frameworks/ApplicationServices.framework/Versions/A/Frameworks/ATS.framework/Versions/A/Resources/libFontParser.dylib
0x0000000003637000 	/System/Library/Frameworks/ApplicationServices.framework/Versions/A/Frameworks/ATS.framework/Versions/A/Resources/libFontRegistry.dylib
0x0000000003637000 	/System/Library/PrivateFrameworks/AppleVPA.framework/Versions/A/AppleVPA
0x0000000003637000 	/System/Library/PrivateFrameworks/AppleJPEG.framework/Versions/A/AppleJPEG
0x0000000003637000 	/System/Library/Frameworks/ImageIO.framework/Versions/A/Resources/libJPEG.dylib
0x0000000003637000 	/System/Library/Frameworks/ImageIO.framework/Versions/A/Resources/libTIFF.dylib
0x0000000003637000 	/System/Library/Frameworks/ImageIO.framework/Versions/A/Resources/libPng.dylib
0x0000000003637000 	/System/Library/Frameworks/ImageIO.framework/Versions/A/Resources/libGIF.dylib
0x0000000003637000 	/System/Library/Frameworks/ImageIO.framework/Versions/A/Resources/libJP2.dylib
0x0000000003637000 	/System/Library/Frameworks/ImageIO.framework/Versions/A/Resources/libRadiance.dylib
0x0000000003637000 	/System/Library/Frameworks/CoreVideo.framework/Versions/A/CoreVideo
0x0000000003637000 	/System/Library/Frameworks/OpenGL.framework/Versions/A/Libraries/libGLU.dylib
0x0000000003637000 	/System/Library/Frameworks/OpenGL.framework/Versions/A/Libraries/libGFXShared.dylib
0x0000000003637000 	/System/Library/Frameworks/OpenGL.framework/Versions/A/Libraries/libGL.dylib
0x0000000003637000 	/System/Library/Frameworks/OpenGL.framework/Versions/A/Libraries/libGLImage.dylib
0x0000000003637000 	/System/Library/Frameworks/OpenGL.framework/Versions/A/Libraries/libCVMSPluginSupport.dylib
0x0000000003637000 	/System/Library/Frameworks/OpenGL.framework/Versions/A/Libraries/libCoreVMClient.dylib
0x0000000003637000 	/usr/lib/libcups.2.dylib
0x0000000003637000 	/System/Library/Frameworks/Kerberos.framework/Versions/A/Kerberos
0x0000000003637000 	/System/Library/Frameworks/GSS.framework/Versions/A/GSS
0x0000000003637000 	/usr/lib/libresolv.9.dylib
0x0000000003637000 	/usr/lib/libiconv.2.dylib
0x0000000003637000 	/System/Library/PrivateFrameworks/Heimdal.framework/Versions/A/Heimdal
0x0000000003637000 	/usr/lib/libheimdal-asn1.dylib
0x0000000003637000 	/System/Library/Frameworks/OpenDirectory.framework/Versions/A/OpenDirectory
0x0000000003637000 	/System/Library/PrivateFrameworks/CommonAuth.framework/Versions/A/CommonAuth
0x0000000003637000 	/System/Library/Frameworks/OpenDirectory.framework/Versions/A/Frameworks/CFOpenDirectory.framework/Versions/A/CFOpenDirectory
0x0000000003637000 	/System/Library/Frameworks/SecurityFoundation.framework/Versions/A/SecurityFoundation
0x0000000003637000 	/System/Library/PrivateFrameworks/LanguageModeling.framework/Versions/A/LanguageModeling
0x0000000003637000 	/usr/lib/libcmph.dylib
0x0000000003637000 	/System/Library/Frameworks/ServiceManagement.framework/Versions/A/ServiceManagement
0x0000000003637000 	/usr/lib/libxslt.1.dylib
0x0000000003637000 	/System/Library/Frameworks/Carbon.framework/Versions/A/Frameworks/Ink.framework/Versions/A/Ink
0x0000000003637000 	/System/Library/Frameworks/QuartzCore.framework/Versions/A/Frameworks/CoreImage.framework/Versions/A/CoreImage
0x0000000003637000 	/System/Library/PrivateFrameworks/CrashReporterSupport.framework/Versions/A/CrashReporterSupport
0x0000000003637000 	/System/Library/Frameworks/OpenCL.framework/Versions/A/OpenCL
0x0000000003637000 	/System/Library/PrivateFrameworks/FaceCore.framework/Versions/A/FaceCore
0x0000000003637000 	/System/Library/PrivateFrameworks/DesktopServicesPriv.framework/Versions/A_/DesktopServicesPriv
0x0000000003637000 	/System/Library/PrivateFrameworks/Ubiquity.framework/Versions/A/Ubiquity
0x0000000003637000 	/System/Library/PrivateFrameworks/IconServices.framework/Versions/A/IconServices
0x0000000003637000 	/System/Library/PrivateFrameworks/ChunkingLibrary.framework/Versions/A/ChunkingLibrary
0x0000000003637000 	/System/Library/PrivateFrameworks/Apple80211.framework/Versions/A/Apple80211
0x0000000003637000 	/System/Library/Frameworks/CoreWLAN.framework/Versions/A/CoreWLAN
0x0000000003637000 	/System/Library/Frameworks/IOBluetooth.framework/Versions/A/IOBluetooth
0x0000000003637000 	/System/Library/PrivateFrameworks/CoreWiFi.framework/Versions/A/CoreWiFi
0x0000000003637000 	/System/Library/Frameworks/CoreBluetooth.framework/Versions/A/CoreBluetooth
0x0000000003637000 	/System/Library/PrivateFrameworks/DebugSymbols.framework/Versions/A/DebugSymbols
0x0000000003637000 	/System/Library/PrivateFrameworks/CoreSymbolication.framework/Versions/A/CoreSymbolication
0x0000000003637000 	/System/Library/PrivateFrameworks/Symbolication.framework/Versions/A/Symbolication
0x0000000003637000 	/System/Library/PrivateFrameworks/SpeechRecognitionCore.framework/Versions/A/SpeechRecognitionCore
0x0000000107000000 	/Library/Java/JavaVirtualMachines/jdk1.8.0_05.jdk/Contents/Home/jre/lib/server/libjvm.dylib
0x0000000003637000 	/usr/lib/libstdc++.6.dylib
0x0000000105fee000 	/Library/Java/JavaVirtualMachines/jdk1.8.0_05.jdk/Contents/Home/jre/lib/libverify.dylib
0x0000000107fc3000 	/Library/Java/JavaVirtualMachines/jdk1.8.0_05.jdk/Contents/Home/jre/lib/libjava.dylib
0x0000000107ff7000 	/Applications/jprofiler8/bin/macos/libjprofilerti.jnilib
0x0000000003637000 	/usr/lib/libexpat.1.dylib
0x00000001087a4000 	/Library/Java/JavaVirtualMachines/jdk1.8.0_05.jdk/Contents/Home/jre/lib/libzip.dylib
0x0000000124390000 	/System/Library/Frameworks/JavaVM.framework/Frameworks/JavaRuntimeSupport.framework/JavaRuntimeSupport
0x00000001243a8000 	/System/Library/Frameworks/JavaVM.framework/Versions/A/Frameworks/JavaNativeFoundation.framework/Versions/A/JavaNativeFoundation
0x00000001243bd000 	/System/Library/Frameworks/JavaVM.framework/Versions/A/JavaVM
0x0000000003637000 	/System/Library/Frameworks/Carbon.framework/Versions/A/Carbon
0x00000001243ca000 	/System/Library/PrivateFrameworks/JavaLaunching.framework/Versions/A/JavaLaunching
0x0000000003637000 	/System/Library/Frameworks/Carbon.framework/Versions/A/Frameworks/CommonPanels.framework/Versions/A/CommonPanels
0x0000000003637000 	/System/Library/Frameworks/Carbon.framework/Versions/A/Frameworks/Help.framework/Versions/A/Help
0x0000000003637000 	/System/Library/Frameworks/Carbon.framework/Versions/A/Frameworks/ImageCapture.framework/Versions/A/ImageCapture
0x0000000003637000 	/System/Library/Frameworks/Carbon.framework/Versions/A/Frameworks/OpenScripting.framework/Versions/A/OpenScripting
0x0000000003637000 	/System/Library/Frameworks/Carbon.framework/Versions/A/Frameworks/Print.framework/Versions/A/Print
0x0000000003637000 	/System/Library/Frameworks/Carbon.framework/Versions/A/Frameworks/SecurityHI.framework/Versions/A/SecurityHI
0x00000001243e7000 	/Library/Java/JavaVirtualMachines/jdk1.8.0_05.jdk/Contents/Home/jre/lib/libmanagement.dylib
0x0000000125dfe000 	/Library/Java/JavaVirtualMachines/jdk1.8.0_05.jdk/Contents/Home/jre/lib/libnet.dylib
0x0000000124438000 	/Library/Java/JavaVirtualMachines/jdk1.8.0_05.jdk/Contents/Home/jre/lib/libnio.dylib

VM Arguments:
jvm_args: -agentpath:/Applications/jprofiler8/bin/macos/libjprofilerti.jnilib=port=34454 -Dfile.encoding=UTF-8 -Xbootclasspath/p:/Applications/jprofiler8/bin/agent.jar 
java_command: org.eclipse.jdt.internal.junit.runner.RemoteTestRunner -version 3 -port 53840 -testLoaderClass org.eclipse.jdt.internal.junit4.runner.JUnit4TestLoader -loaderpluginname org.eclipse.jdt.junit4.runtime -test net.akehurst.language.parser.test.speed.Speed_Test:abcds_abcds_abababcdcdcdabababcdcdcdabababcdcdcd
java_class_path (initial): /Users/akehurst/git/net.akehurst.language/net.akehurst.language.parser/target/test-classes:/Users/akehurst/git/net.akehurst.language/net.akehurst.language.parser/target/classes:/Users/akehurst/.m2/repository/net/akehurst/language/net.akehurst.language.core/1.0.0-SNAPSHOT/net.akehurst.language.core-1.0.0-SNAPSHOT.jar:/Users/akehurst/git/net.akehurst.language/net.akehurst.language.ogl/target/classes:/Users/akehurst/.m2/repository/junit/junit/4.11/junit-4.11.jar:/Users/akehurst/.m2/repository/org/hamcrest/hamcrest-core/1.3/hamcrest-core-1.3.jar:/Users/akehurst/pkg/eclipse-luna-RC2/configuration/org.eclipse.osgi/452/0/.cp/:/Users/akehurst/pkg/eclipse-luna-RC2/configuration/org.eclipse.osgi/1322/0/.cp/
Launcher Type: SUN_STANDARD

Environment Variables:
PATH=/usr/bin:/bin:/usr/sbin:/sbin
SHELL=/bin/bash
DYLD_LIBRARY_PATH=/Applications/jprofiler8/bin/macos

Signal Handlers:
SIGSEGV: [libjvm.dylib+0x55f7df], sa_mask[0]=0xfffefeff, sa_flags=0x00000043
SIGBUS: [libjvm.dylib+0x55f7df], sa_mask[0]=0xfffefeff, sa_flags=0x00000042
SIGFPE: [libjvm.dylib+0x442cfa], sa_mask[0]=0xfffefeff, sa_flags=0x00000042
SIGPIPE: [libjvm.dylib+0x442cfa], sa_mask[0]=0xfffefeff, sa_flags=0x00000042
SIGXFSZ: [libjvm.dylib+0x442cfa], sa_mask[0]=0xfffefeff, sa_flags=0x00000042
SIGILL: [libjvm.dylib+0x442cfa], sa_mask[0]=0xfffefeff, sa_flags=0x00000042
SIGUSR1: SIG_DFL, sa_mask[0]=0x00000000, sa_flags=0x00000000
SIGUSR2: [libjvm.dylib+0x442818], sa_mask[0]=0x00000004, sa_flags=0x00000042
SIGHUP: [libjvm.dylib+0x440ba5], sa_mask[0]=0xfffefeff, sa_flags=0x00000042
SIGINT: [libjvm.dylib+0x440ba5], sa_mask[0]=0xfffefeff, sa_flags=0x00000042
SIGTERM: [libjvm.dylib+0x440ba5], sa_mask[0]=0xfffefeff, sa_flags=0x00000042
SIGQUIT: [libjvm.dylib+0x440ba5], sa_mask[0]=0xfffefeff, sa_flags=0x00000042


---------------  S Y S T E M  ---------------

OS:Bsduname:Darwin 14.1.0 Darwin Kernel Version 14.1.0: Mon Dec 22 23:10:38 PST 2014; root:xnu-2782.10.72~2/RELEASE_X86_64 x86_64
rlimit: STACK 8192k, CORE 0k, NPROC 709, NOFILE 10240, AS infinity
load average:2.81 2.74 2.51

CPU:total 8 (4 cores per cpu, 2 threads per core) family 6 model 70 stepping 1, cmov, cx8, fxsr, mmx, sse, sse2, sse3, ssse3, sse4.1, sse4.2, popcnt, avx, avx2, aes, clmul, erms, ht, tsc, tscinvbit

Memory: 4k page, physical 16777216k(2961720k free)

/proc/meminfo:


vm_info: Java HotSpot(TM) 64-Bit Server VM (25.5-b02) for bsd-amd64 JRE (1.8.0_05-b13), built on Mar 18 2014 00:36:13 by "java_re" with gcc 4.2.1 (Based on Apple Inc. build 5658) (LLVM build 2336.11.00)

time: Tue Mar 10 10:30:41 2015
elapsed time: 712 seconds

